[2025-05-22T08:27:34.193Z] 서버 시작 - 포트: 3000, 도메인: http://localhost:3000
[2025-05-22T08:27:34.193Z] Redis 연결을 건너뜁니다. 메모리 저장소만 사용합니다.
[2025-05-22T08:27:34.196Z] 서버 시작 및 초기화 완료
[2025-05-22T08:27:35.467Z] 사용자 연결됨: ZdJ_MssyYCp61SmEAAAB (현재 연결: 1명)
[2025-05-22T08:27:35.474Z] 소켓 연결에서 새 방 생성: 931568, 생성자: ZdJ_MssyYCp61SmEAAAB
[2025-05-22T08:28:50.994Z] 서버 시작 - 포트: 3000, 도메인: http://localhost:3000
[2025-05-22T08:28:50.995Z] Redis 연결을 건너뜁니다. 메모리 저장소만 사용합니다.
[2025-05-22T08:28:50.997Z] 서버 시작 및 초기화 완료
[2025-05-22T08:28:56.330Z] 존재하지 않는 방에 접근 시도, 새로 생성: 931568
[2025-05-22T08:28:56.429Z] 사용자 연결됨: XOGyFnUUtC9rG-W-AAAB (현재 연결: 1명)
[2025-05-22T08:28:56.476Z] 사용자 XOGyFnUUtC9rG-W-AAAB가 방 931568에 입장 (현재 인원: 1명)
[2025-05-22T08:30:33.279Z] 서버 시작 - 포트: 3000, 도메인: http://localhost:3000
[2025-05-22T08:30:33.279Z] Redis 연결을 건너뜁니다. 메모리 저장소만 사용합니다.
[2025-05-22T08:30:33.282Z] 서버 시작 및 초기화 완료
[2025-05-22T08:30:38.766Z] 사용자 연결됨: BiirskUW37lS6D6VAAAB (현재 연결: 1명)
[2025-05-22T08:30:38.773Z] 소켓 연결에서 새 방 생성: 931568, 생성자: BiirskUW37lS6D6VAAAB (userBiir)
[2025-05-22T08:33:07.062Z] 서버 시작 - 포트: 3000, 도메인: http://localhost:3000
[2025-05-22T08:33:07.063Z] Redis 연결을 건너뜁니다. 메모리 저장소만 사용합니다.
[2025-05-22T08:33:07.065Z] 서버 시작 및 초기화 완료
[2025-05-22T08:33:21.603Z] 사용자 연결됨: rGVxGXg8MMTr_3VuAAAB (현재 연결: 1명)
[2025-05-22T08:33:21.611Z] 소켓 연결에서 새 방 생성: 931568, 생성자: rGVxGXg8MMTr_3VuAAAB (userrGVx)
[2025-05-22T08:33:21.612Z] 사용자 rGVxGXg8MMTr_3VuAAAB (userrGVx)가 방 931568에 입장 (현재 인원: 1명)
[2025-05-22T08:33:21.613Z] 사용자 rGVxGXg8MMTr_3VuAAAB (userrGVx)가 방 931568에서 나감
[2025-05-22T08:33:21.614Z] 사용자 rGVxGXg8MMTr_3VuAAAB (userrGVx)가 방 931568에 입장 (현재 인원: 1명)
[2025-05-22T08:34:17.690Z] 사용자 rGVxGXg8MMTr_3VuAAAB가 방 931568에서 연결 끊김 (이유: transport close) (현재 인원: 0명)
[2025-05-22T08:42:02.618Z] 서버 시작 - 포트: 3000, 도메인: http://localhost:3000
[2025-05-22T08:42:02.619Z] Redis 연결을 건너뜁니다. 메모리 저장소만 사용합니다.
[2025-05-22T08:42:02.621Z] 서버 시작 및 초기화 완료
[2025-05-22T08:42:16.069Z] 사용자 연결됨: bmZ9fx9I7MWKi23zAAAB (현재 연결: 1명)
[2025-05-22T08:42:16.076Z] 소켓 연결에서 새 방 생성: 931568, 생성자: bmZ9fx9I7MWKi23zAAAB (userbmZ9)
[2025-05-22T08:42:16.078Z] 사용자 bmZ9fx9I7MWKi23zAAAB (userbmZ9)가 방 931568에 입장 (현재 인원: 1명)
[2025-05-22T08:42:16.079Z] 사용자 bmZ9fx9I7MWKi23zAAAB (userbmZ9)가 방 931568에서 나감
[2025-05-22T08:42:16.080Z] 사용자 bmZ9fx9I7MWKi23zAAAB (userbmZ9)가 방 931568에 입장 (현재 인원: 1명)
[2025-05-22T08:42:18.425Z] 사용자 bmZ9fx9I7MWKi23zAAAB가 방 931568에서 연결 끊김 (이유: transport close) (현재 인원: 0명)
[2025-05-22T08:42:18.461Z] 사용자 연결됨: _JS0Y5l5FRlEF6IEAAAD (현재 연결: 1명)
[2025-05-22T08:42:18.468Z] 사용자 _JS0Y5l5FRlEF6IEAAAD (user_JS0)가 방 931568에 입장 (현재 인원: 1명)
[2025-05-22T08:42:18.473Z] 사용자 _JS0Y5l5FRlEF6IEAAAD (user_JS0)가 방 931568에서 나감
[2025-05-22T08:42:18.473Z] 사용자 _JS0Y5l5FRlEF6IEAAAD (user_JS0)가 방 931568에 입장 (현재 인원: 1명)
[2025-05-22T08:42:18.477Z] 404 Not Found: GET /favicon.ico
[2025-05-22T08:42:43.676Z] 방 931568에서 캔버스 지우기 요청 수신 (요청자: _JS0Y5l5FRlEF6IEAAAD)
[2025-05-22T08:42:43.677Z] 방 931568에 clearCanvas 이벤트 브로드캐스트 완료
[2025-05-22T08:42:50.310Z] 사용자 연결됨: B-zw4jf5rk6A8KeQAAAF (현재 연결: 2명)
[2025-05-22T08:42:50.343Z] 사용자 B-zw4jf5rk6A8KeQAAAF (userB-zw)가 방 931568에 입장 (현재 인원: 2명)
[2025-05-22T08:42:50.368Z] 사용자 B-zw4jf5rk6A8KeQAAAF (userB-zw)가 방 931568에서 나감
[2025-05-22T08:42:50.369Z] 사용자 B-zw4jf5rk6A8KeQAAAF (userB-zw)가 방 931568에 입장 (현재 인원: 2명)
[2025-05-22T08:42:50.389Z] 404 Not Found: GET /favicon.ico
[2025-05-22T08:42:53.970Z] 방 931568에서 캔버스 지우기 요청 수신 (요청자: B-zw4jf5rk6A8KeQAAAF)
[2025-05-22T08:42:53.973Z] 방 931568에 clearCanvas 이벤트 브로드캐스트 완료
[2025-05-22T08:45:10.765Z] 사용자 B-zw4jf5rk6A8KeQAAAF가 방 931568에서 연결 끊김 (이유: transport close) (현재 인원: 1명)
[2025-05-22T08:45:10.803Z] 사용자 연결됨: o9LAvC6gMrE4qSMBAAAH (현재 연결: 2명)
[2025-05-22T08:45:10.822Z] 사용자 o9LAvC6gMrE4qSMBAAAH (usero9LA)가 방 931568에 입장 (현재 인원: 2명)
[2025-05-22T08:45:10.827Z] 사용자 o9LAvC6gMrE4qSMBAAAH (usero9LA)가 방 931568에서 나감
[2025-05-22T08:45:10.827Z] 사용자 o9LAvC6gMrE4qSMBAAAH (usero9LA)가 방 931568에 입장 (현재 인원: 2명)
[2025-05-22T08:45:10.831Z] 404 Not Found: GET /favicon.ico
[2025-05-22T08:45:12.132Z] 사용자 o9LAvC6gMrE4qSMBAAAH가 방 931568에서 연결 끊김 (이유: transport close) (현재 인원: 1명)
[2025-05-22T08:45:12.157Z] 사용자 연결됨: HhLKLxWEsQEQdFj1AAAJ (현재 연결: 2명)
[2025-05-22T08:45:12.172Z] 사용자 HhLKLxWEsQEQdFj1AAAJ (userHhLK)가 방 931568에 입장 (현재 인원: 2명)
[2025-05-22T08:45:12.177Z] 사용자 HhLKLxWEsQEQdFj1AAAJ (userHhLK)가 방 931568에서 나감
[2025-05-22T08:45:12.178Z] 사용자 HhLKLxWEsQEQdFj1AAAJ (userHhLK)가 방 931568에 입장 (현재 인원: 2명)
[2025-05-22T08:45:12.182Z] 404 Not Found: GET /favicon.ico
[2025-05-22T08:45:12.843Z] 사용자 HhLKLxWEsQEQdFj1AAAJ가 방 931568에서 연결 끊김 (이유: transport close) (현재 인원: 1명)
[2025-05-22T08:45:12.874Z] 사용자 연결됨: C2Hr-OZA5OuyhtYOAAAL (현재 연결: 2명)
[2025-05-22T08:45:12.889Z] 사용자 C2Hr-OZA5OuyhtYOAAAL (userC2Hr)가 방 931568에 입장 (현재 인원: 2명)
[2025-05-22T08:45:12.893Z] 사용자 C2Hr-OZA5OuyhtYOAAAL (userC2Hr)가 방 931568에서 나감
[2025-05-22T08:45:12.895Z] 사용자 C2Hr-OZA5OuyhtYOAAAL (userC2Hr)가 방 931568에 입장 (현재 인원: 2명)
[2025-05-22T08:45:12.898Z] 404 Not Found: GET /favicon.ico
[2025-05-22T08:45:13.470Z] 사용자 C2Hr-OZA5OuyhtYOAAAL가 방 931568에서 연결 끊김 (이유: transport close) (현재 인원: 1명)
[2025-05-22T08:45:13.499Z] 사용자 연결됨: 6isMi46lvj0oKl_sAAAN (현재 연결: 2명)
[2025-05-22T08:45:13.516Z] 사용자 6isMi46lvj0oKl_sAAAN (user6isM)가 방 931568에 입장 (현재 인원: 2명)
[2025-05-22T08:45:13.521Z] 사용자 6isMi46lvj0oKl_sAAAN (user6isM)가 방 931568에서 나감
[2025-05-22T08:45:13.522Z] 사용자 6isMi46lvj0oKl_sAAAN (user6isM)가 방 931568에 입장 (현재 인원: 2명)
[2025-05-22T08:45:13.524Z] 404 Not Found: GET /favicon.ico
[2025-05-22T08:45:14.039Z] 사용자 6isMi46lvj0oKl_sAAAN가 방 931568에서 연결 끊김 (이유: transport close) (현재 인원: 1명)
[2025-05-22T08:45:14.069Z] 사용자 연결됨: jqNrmqii6FhAhPJKAAAP (현재 연결: 2명)
[2025-05-22T08:45:14.085Z] 사용자 jqNrmqii6FhAhPJKAAAP (userjqNr)가 방 931568에 입장 (현재 인원: 2명)
[2025-05-22T08:45:14.091Z] 사용자 jqNrmqii6FhAhPJKAAAP (userjqNr)가 방 931568에서 나감
[2025-05-22T08:45:14.092Z] 사용자 jqNrmqii6FhAhPJKAAAP (userjqNr)가 방 931568에 입장 (현재 인원: 2명)
[2025-05-22T08:45:14.095Z] 404 Not Found: GET /favicon.ico
[2025-05-22T08:45:17.004Z] 사용자 _JS0Y5l5FRlEF6IEAAAD가 방 931568에서 연결 끊김 (이유: transport close) (현재 인원: 1명)
[2025-05-22T08:45:17.047Z] 사용자 연결됨: y9uz1RSjVQK-Bo59AAAR (현재 연결: 2명)
[2025-05-22T08:45:17.054Z] 사용자 y9uz1RSjVQK-Bo59AAAR (usery9uz)가 방 931568에 입장 (현재 인원: 2명)
[2025-05-22T08:45:17.058Z] 404 Not Found: GET /favicon.ico
[2025-05-22T08:45:17.061Z] 사용자 y9uz1RSjVQK-Bo59AAAR (usery9uz)가 방 931568에서 나감
[2025-05-22T08:45:17.062Z] 사용자 y9uz1RSjVQK-Bo59AAAR (usery9uz)가 방 931568에 입장 (현재 인원: 2명)
[2025-05-22T08:45:17.712Z] 사용자 y9uz1RSjVQK-Bo59AAAR가 방 931568에서 연결 끊김 (이유: transport close) (현재 인원: 1명)
[2025-05-22T08:45:17.746Z] 사용자 연결됨: abjG35SnRKDdgBHkAAAT (현재 연결: 2명)
[2025-05-22T08:45:17.762Z] 사용자 abjG35SnRKDdgBHkAAAT (userabjG)가 방 931568에 입장 (현재 인원: 2명)
[2025-05-22T08:45:17.766Z] 사용자 abjG35SnRKDdgBHkAAAT (userabjG)가 방 931568에서 나감
[2025-05-22T08:45:17.767Z] 사용자 abjG35SnRKDdgBHkAAAT (userabjG)가 방 931568에 입장 (현재 인원: 2명)
[2025-05-22T08:45:17.771Z] 404 Not Found: GET /favicon.ico
[2025-05-22T08:45:18.191Z] 사용자 abjG35SnRKDdgBHkAAAT가 방 931568에서 연결 끊김 (이유: transport close) (현재 인원: 1명)
[2025-05-22T08:45:18.220Z] 사용자 연결됨: nDAetV5vfLK6Thw5AAAV (현재 연결: 2명)
[2025-05-22T08:45:18.236Z] 사용자 nDAetV5vfLK6Thw5AAAV (usernDAe)가 방 931568에 입장 (현재 인원: 2명)
[2025-05-22T08:45:18.241Z] 사용자 nDAetV5vfLK6Thw5AAAV (usernDAe)가 방 931568에서 나감
[2025-05-22T08:45:18.242Z] 사용자 nDAetV5vfLK6Thw5AAAV (usernDAe)가 방 931568에 입장 (현재 인원: 2명)
[2025-05-22T08:45:18.245Z] 404 Not Found: GET /favicon.ico
[2025-05-22T08:45:18.646Z] 사용자 nDAetV5vfLK6Thw5AAAV가 방 931568에서 연결 끊김 (이유: transport close) (현재 인원: 1명)
[2025-05-22T08:45:18.677Z] 사용자 연결됨: l2G7d57aVUytdwyfAAAX (현재 연결: 2명)
[2025-05-22T08:45:18.694Z] 사용자 l2G7d57aVUytdwyfAAAX (userl2G7)가 방 931568에 입장 (현재 인원: 2명)
[2025-05-22T08:45:18.698Z] 사용자 l2G7d57aVUytdwyfAAAX (userl2G7)가 방 931568에서 나감
[2025-05-22T08:45:18.699Z] 사용자 l2G7d57aVUytdwyfAAAX (userl2G7)가 방 931568에 입장 (현재 인원: 2명)
[2025-05-22T08:45:18.700Z] 404 Not Found: GET /favicon.ico
[2025-05-22T08:45:19.126Z] 사용자 l2G7d57aVUytdwyfAAAX가 방 931568에서 연결 끊김 (이유: transport close) (현재 인원: 1명)
[2025-05-22T08:45:19.152Z] 사용자 연결됨: p00AuFfmrAlsDmATAAAZ (현재 연결: 2명)
[2025-05-22T08:45:19.170Z] 사용자 p00AuFfmrAlsDmATAAAZ (userp00A)가 방 931568에 입장 (현재 인원: 2명)
[2025-05-22T08:45:19.174Z] 사용자 p00AuFfmrAlsDmATAAAZ (userp00A)가 방 931568에서 나감
[2025-05-22T08:45:19.175Z] 사용자 p00AuFfmrAlsDmATAAAZ (userp00A)가 방 931568에 입장 (현재 인원: 2명)
[2025-05-22T08:45:19.179Z] 404 Not Found: GET /favicon.ico
[2025-05-22T08:45:19.595Z] 사용자 p00AuFfmrAlsDmATAAAZ가 방 931568에서 연결 끊김 (이유: transport close) (현재 인원: 1명)
[2025-05-22T08:45:19.623Z] 사용자 연결됨: kRxBghK0xzuy6n1pAAAb (현재 연결: 2명)
[2025-05-22T08:45:19.641Z] 사용자 kRxBghK0xzuy6n1pAAAb (userkRxB)가 방 931568에 입장 (현재 인원: 2명)
[2025-05-22T08:45:19.647Z] 사용자 kRxBghK0xzuy6n1pAAAb (userkRxB)가 방 931568에서 나감
[2025-05-22T08:45:19.649Z] 사용자 kRxBghK0xzuy6n1pAAAb (userkRxB)가 방 931568에 입장 (현재 인원: 2명)
[2025-05-22T08:45:19.651Z] 404 Not Found: GET /favicon.ico
[2025-05-22T08:45:27.238Z] 방 931568에서 캔버스 지우기 요청 수신 (요청자: jqNrmqii6FhAhPJKAAAP)
[2025-05-22T08:45:27.243Z] 방 931568에 clearCanvas 이벤트 브로드캐스트 완료
[2025-05-22T08:45:34.953Z] 방 931568에서 캔버스 지우기 요청 수신 (요청자: kRxBghK0xzuy6n1pAAAb)
[2025-05-22T08:45:34.958Z] 방 931568에 clearCanvas 이벤트 브로드캐스트 완료
[2025-05-22T08:47:02.626Z] 메모리 사용량: 14MB / 16MB
[2025-05-22T08:48:31.297Z] 사용자 kRxBghK0xzuy6n1pAAAb가 방 931568에서 연결 끊김 (이유: transport close) (현재 인원: 1명)
[2025-05-22T08:48:31.357Z] 404 Not Found: GET /favicon.ico
[2025-05-22T08:48:35.375Z] 404 Not Found: GET /favicon.ico
[2025-05-22T08:48:38.898Z] 사용자 jqNrmqii6FhAhPJKAAAP가 방 931568에서 연결 끊김 (이유: transport close) (현재 인원: 0명)
[2025-05-22T08:48:38.950Z] 404 Not Found: GET /favicon.ico
[2025-05-22T08:48:48.590Z] 404 Not Found: GET /favicon.ico
[2025-05-22T08:48:52.540Z] 404 Not Found: GET /favicon.ico
[2025-05-22T08:48:54.566Z] API 호출로 새 방 생성: 950325, 생성자: ::1-1747903734565
[2025-05-22T08:48:54.612Z] 404 Not Found: GET /favicon.ico
[2025-05-22T08:49:16.123Z] 404 Not Found: GET /favicon.ico
[2025-05-22T08:49:23.233Z] 404 Not Found: GET /favicon.ico
[2025-05-22T08:49:59.959Z] 404 Not Found: GET /.well-known/appspecific/com.chrome.devtools.json
[2025-05-22T08:52:02.633Z] 메모리 사용량: 15MB / 16MB
[2025-05-22T08:53:39.454Z] 404 Not Found: GET /.well-known/appspecific/com.chrome.devtools.json
[2025-05-22T08:53:39.555Z] 404 Not Found: GET /favicon.ico
[2025-05-22T08:53:41.481Z] 404 Not Found: GET /.well-known/appspecific/com.chrome.devtools.json
[2025-05-22T08:53:41.589Z] 404 Not Found: GET /favicon.ico
[2025-05-22T08:53:47.904Z] 404 Not Found: GET /.well-known/appspecific/com.chrome.devtools.json
[2025-05-22T08:53:48.005Z] 404 Not Found: GET /favicon.ico
[2025-05-22T08:53:54.428Z] API 호출로 새 방 생성: 701465, 생성자: ::1-1747904034427
[2025-05-22T08:53:54.456Z] 404 Not Found: GET /.well-known/appspecific/com.chrome.devtools.json
[2025-05-22T08:53:54.558Z] 404 Not Found: GET /favicon.ico
[2025-05-22T08:55:00.197Z] 404 Not Found: GET /.well-known/appspecific/com.chrome.devtools.json
[2025-05-22T08:55:00.304Z] 404 Not Found: GET /favicon.ico
[2025-05-22T08:55:01.105Z] 404 Not Found: GET /.well-known/appspecific/com.chrome.devtools.json
[2025-05-22T08:55:01.218Z] 404 Not Found: GET /favicon.ico
[2025-05-22T08:55:01.658Z] 404 Not Found: GET /.well-known/appspecific/com.chrome.devtools.json
[2025-05-22T08:55:01.764Z] 404 Not Found: GET /favicon.ico
[2025-05-22T08:55:02.117Z] 404 Not Found: GET /.well-known/appspecific/com.chrome.devtools.json
[2025-05-22T08:55:02.228Z] 404 Not Found: GET /favicon.ico
[2025-05-22T08:55:15.403Z] 서버 종료 중...
[2025-05-22T08:55:17.572Z] 서버 시작 - 포트: 3000, 도메인: http://localhost:3000
[2025-05-22T08:55:17.572Z] Redis 연결을 건너뜁니다. 메모리 저장소만 사용합니다.
[2025-05-22T08:55:17.575Z] 서버 시작 및 초기화 완료
[2025-05-22T08:55:21.499Z] 존재하지 않는 방에 접근 시도, 새로 생성: 701465
[2025-05-22T08:55:21.523Z] 404 Not Found: GET /.well-known/appspecific/com.chrome.devtools.json
[2025-05-22T08:55:21.625Z] 404 Not Found: GET /favicon.ico
[2025-05-22T08:55:23.020Z] 404 Not Found: GET /.well-known/appspecific/com.chrome.devtools.json
[2025-05-22T08:55:23.124Z] 404 Not Found: GET /favicon.ico
[2025-05-22T08:55:23.846Z] 404 Not Found: GET /.well-known/appspecific/com.chrome.devtools.json
[2025-05-22T08:55:23.951Z] 404 Not Found: GET /favicon.ico
[2025-05-22T08:55:24.575Z] 404 Not Found: GET /.well-known/appspecific/com.chrome.devtools.json
[2025-05-22T08:55:24.679Z] 404 Not Found: GET /favicon.ico
[2025-05-22T08:55:25.291Z] 404 Not Found: GET /.well-known/appspecific/com.chrome.devtools.json
[2025-05-22T08:55:25.392Z] 404 Not Found: GET /favicon.ico
[2025-05-22T08:55:25.985Z] 404 Not Found: GET /.well-known/appspecific/com.chrome.devtools.json
[2025-05-22T08:55:26.089Z] 404 Not Found: GET /favicon.ico
[2025-05-22T08:55:26.613Z] 404 Not Found: GET /.well-known/appspecific/com.chrome.devtools.json
[2025-05-22T08:55:26.715Z] 404 Not Found: GET /favicon.ico
[2025-05-22T08:55:27.262Z] 404 Not Found: GET /.well-known/appspecific/com.chrome.devtools.json
[2025-05-22T08:55:27.366Z] 404 Not Found: GET /favicon.ico
[2025-05-22T08:55:27.852Z] 404 Not Found: GET /.well-known/appspecific/com.chrome.devtools.json
[2025-05-22T08:55:27.952Z] 404 Not Found: GET /favicon.ico
[2025-05-22T08:55:28.631Z] 404 Not Found: GET /.well-known/appspecific/com.chrome.devtools.json
[2025-05-22T08:55:28.732Z] 404 Not Found: GET /favicon.ico
[2025-05-22T08:56:40.142Z] 서버 종료 중...
[2025-05-22T08:56:42.176Z] 서버 시작 - 포트: 3000, 도메인: http://localhost:3000
[2025-05-22T08:56:42.176Z] Redis 연결을 건너뜁니다. 메모리 저장소만 사용합니다.
[2025-05-22T08:56:42.179Z] 서버 시작 및 초기화 완료
[2025-05-22T08:56:46.486Z] 존재하지 않는 방에 접근 시도, 새로 생성: 701465
[2025-05-22T08:56:46.512Z] 404 Not Found: GET /.well-known/appspecific/com.chrome.devtools.json
[2025-05-22T08:56:46.627Z] 404 Not Found: GET /favicon.ico
[2025-05-22T08:56:48.195Z] 404 Not Found: GET /.well-known/appspecific/com.chrome.devtools.json
[2025-05-22T08:56:48.304Z] 404 Not Found: GET /favicon.ico
[2025-05-22T08:56:49.040Z] 404 Not Found: GET /.well-known/appspecific/com.chrome.devtools.json
[2025-05-22T08:56:49.147Z] 404 Not Found: GET /favicon.ico
[2025-05-22T08:56:49.705Z] 404 Not Found: GET /.well-known/appspecific/com.chrome.devtools.json
[2025-05-22T08:56:49.813Z] 404 Not Found: GET /favicon.ico
[2025-05-22T08:56:50.373Z] 404 Not Found: GET /.well-known/appspecific/com.chrome.devtools.json
[2025-05-22T08:56:50.482Z] 404 Not Found: GET /favicon.ico
[2025-05-22T08:59:45.581Z] 서버 종료 중...
[2025-05-22T08:59:47.019Z] 서버 시작 - 포트: 3000, 도메인: http://localhost:3000
[2025-05-22T08:59:47.019Z] Redis 연결을 건너뜁니다. 메모리 저장소만 사용합니다.
[2025-05-22T08:59:47.021Z] 서버 시작 및 초기화 완료
[2025-05-22T08:59:51.703Z] 존재하지 않는 방에 접근 시도, 새로 생성: 701465
[2025-05-22T08:59:51.725Z] 404 Not Found: GET /.well-known/appspecific/com.chrome.devtools.json
[2025-05-22T08:59:51.835Z] 404 Not Found: GET /favicon.ico
[2025-05-22T08:59:53.293Z] 404 Not Found: GET /.well-known/appspecific/com.chrome.devtools.json
[2025-05-22T08:59:53.409Z] 404 Not Found: GET /favicon.ico
[2025-05-22T08:59:53.983Z] 404 Not Found: GET /.well-known/appspecific/com.chrome.devtools.json
[2025-05-22T08:59:54.093Z] 404 Not Found: GET /favicon.ico
[2025-05-22T08:59:54.497Z] 404 Not Found: GET /.well-known/appspecific/com.chrome.devtools.json
[2025-05-22T08:59:54.608Z] 404 Not Found: GET /favicon.ico
[2025-05-22T08:59:54.952Z] 404 Not Found: GET /.well-known/appspecific/com.chrome.devtools.json
[2025-05-22T08:59:55.061Z] 404 Not Found: GET /favicon.ico
[2025-05-22T08:59:55.408Z] 404 Not Found: GET /.well-known/appspecific/com.chrome.devtools.json
[2025-05-22T08:59:55.519Z] 404 Not Found: GET /favicon.ico
[2025-05-22T08:59:55.724Z] 404 Not Found: GET /.well-known/appspecific/com.chrome.devtools.json
[2025-05-22T08:59:55.831Z] 404 Not Found: GET /favicon.ico
[2025-05-22T09:00:45.035Z] 404 Not Found: GET /.well-known/appspecific/com.chrome.devtools.json
[2025-05-22T09:00:45.142Z] 404 Not Found: GET /favicon.ico
[2025-05-22T09:00:51.142Z] API 호출로 새 방 생성: 348911, 생성자: ::1-1747904451142
[2025-05-22T09:00:51.170Z] 404 Not Found: GET /.well-known/appspecific/com.chrome.devtools.json
[2025-05-22T09:00:51.271Z] 404 Not Found: GET /favicon.ico
[2025-05-22T09:01:43.700Z] 서버 종료 중...
[2025-05-22T09:01:46.608Z] 서버 시작 - 포트: 3000, 도메인: http://localhost:3000
[2025-05-22T09:01:46.608Z] Redis 연결을 건너뜁니다. 메모리 저장소만 사용합니다.
[2025-05-22T09:01:46.611Z] 서버 시작 및 초기화 완료
[2025-05-22T09:01:51.599Z] 존재하지 않는 방에 접근 시도, 새로 생성: 348911
[2025-05-22T09:01:51.648Z] 사용자 연결됨: 7jJNAMNiZhFi-n0hAAAB (현재 연결: 1명)
[2025-05-22T09:01:51.697Z] 사용자 7jJNAMNiZhFi-n0hAAAB가 방 348911에 입장 (현재 인원: 1명)
[2025-05-22T09:03:22.132Z] 서버 시작 - 포트: 3000, 도메인: http://localhost:3000
[2025-05-22T09:03:22.132Z] Redis 연결을 건너뜁니다. 메모리 저장소만 사용합니다.
[2025-05-22T09:03:22.135Z] 서버 시작 및 초기화 완료
[2025-05-22T09:03:23.459Z] 사용자 연결됨: FVxKYeELkr5BsCrsAAAB (현재 연결: 1명)
[2025-05-22T09:03:23.466Z] 소켓 연결에서 새 방 생성: 348911, 생성자: FVxKYeELkr5BsCrsAAAB
[2025-05-22T09:03:23.468Z] 사용자 FVxKYeELkr5BsCrsAAAB가 방 348911에 입장 (현재 인원: 1명)
[2025-05-22T09:03:23.469Z] 사용자 FVxKYeELkr5BsCrsAAAB가 방 348911에서 나감
[2025-05-22T09:03:23.469Z] 사용자 FVxKYeELkr5BsCrsAAAB가 방 348911에 입장 (현재 인원: 1명)
[2025-05-22T09:03:25.867Z] 사용자 FVxKYeELkr5BsCrsAAAB가 방 348911에서 연결 끊김 (이유: transport close) (현재 인원: 0명)
[2025-05-22T09:03:25.919Z] 사용자 연결됨: KNr6t0ZHPjBTEVfqAAAD (현재 연결: 1명)
[2025-05-22T09:03:25.973Z] 사용자 KNr6t0ZHPjBTEVfqAAAD가 방 348911에 입장 (현재 인원: 1명)
[2025-05-22T09:03:25.980Z] 404 Not Found: GET /favicon.ico
[2025-05-22T09:03:25.983Z] 사용자 KNr6t0ZHPjBTEVfqAAAD가 방 348911에서 나감
[2025-05-22T09:03:25.983Z] 사용자 KNr6t0ZHPjBTEVfqAAAD가 방 348911에 입장 (현재 인원: 1명)
[2025-05-22T09:03:38.496Z] 사용자 연결됨: TEtZALZSBJ6DTCIJAAAF (현재 연결: 2명)
[2025-05-22T09:03:38.525Z] 사용자 TEtZALZSBJ6DTCIJAAAF가 방 348911에 입장 (현재 인원: 2명)
[2025-05-22T09:03:38.548Z] 사용자 TEtZALZSBJ6DTCIJAAAF가 방 348911에서 나감
[2025-05-22T09:03:38.549Z] 사용자 TEtZALZSBJ6DTCIJAAAF가 방 348911에 입장 (현재 인원: 2명)
[2025-05-22T09:03:38.560Z] 404 Not Found: GET /favicon.ico
[2025-05-22T09:05:51.782Z] 서버 종료 중...
[2025-05-22T09:05:53.940Z] 서버 시작 - 포트: 3000, 도메인: http://localhost:3000
[2025-05-22T09:05:53.941Z] Redis 연결을 건너뜁니다. 메모리 저장소만 사용합니다.
[2025-05-22T09:05:53.944Z] 서버 시작 및 초기화 완료
[2025-05-22T09:05:54.137Z] 사용자 연결됨: JD3rLhnyuEsT-cBNAAAB (현재 연결: 1명)
[2025-05-22T09:05:54.142Z] 소켓 연결에서 새 방 생성: 348911, 생성자: JD3rLhnyuEsT-cBNAAAB
[2025-05-22T09:05:54.143Z] 사용자 JD3rLhnyuEsT-cBNAAAB가 방 348911에 입장 (현재 인원: 1명)
[2025-05-22T09:05:54.145Z] 사용자 JD3rLhnyuEsT-cBNAAAB가 방 348911에서 나감
[2025-05-22T09:05:54.145Z] 사용자 JD3rLhnyuEsT-cBNAAAB가 방 348911에 입장 (현재 인원: 1명)
[2025-05-22T09:05:54.146Z] 사용자 JD3rLhnyuEsT-cBNAAAB가 방 348911에서 나감
[2025-05-22T09:05:54.146Z] 사용자 JD3rLhnyuEsT-cBNAAAB가 방 348911에 입장 (현재 인원: 1명)
[2025-05-22T09:05:56.132Z] 사용자 연결됨: LnO22KqrtTp310AqAAAD (현재 연결: 2명)
[2025-05-22T09:05:56.137Z] 사용자 LnO22KqrtTp310AqAAAD가 방 348911에 입장 (현재 인원: 2명)
[2025-05-22T09:05:56.140Z] 사용자 LnO22KqrtTp310AqAAAD가 방 348911에서 나감
[2025-05-22T09:05:56.141Z] 사용자 LnO22KqrtTp310AqAAAD가 방 348911에 입장 (현재 인원: 2명)
[2025-05-22T09:05:56.142Z] 사용자 LnO22KqrtTp310AqAAAD가 방 348911에서 나감
[2025-05-22T09:05:56.142Z] 사용자 LnO22KqrtTp310AqAAAD가 방 348911에 입장 (현재 인원: 2명)
[2025-05-22T09:06:01.956Z] 방 348911에서 캔버스 지우기 요청 수신 (요청자: LnO22KqrtTp310AqAAAD)
[2025-05-22T09:06:01.958Z] 방 348911에 clearCanvas 이벤트 브로드캐스트 완료
[2025-05-22T09:06:13.182Z] 방 348911에서 캔버스 지우기 요청 수신 (요청자: JD3rLhnyuEsT-cBNAAAB)
[2025-05-22T09:06:13.183Z] 방 348911에 clearCanvas 이벤트 브로드캐스트 완료
[2025-05-22T09:37:54.677Z] 서버 시작 - 포트: 3000, 도메인: http://localhost:3000
[2025-05-22T09:37:54.677Z] Redis 연결 시도 중...
[2025-05-22T09:37:54.697Z] 경고: Redis 연결이 활성화되지 않았습니다. 서버가 제대로 작동하지 않을 수 있습니다.
[2025-05-22T09:37:54.697Z] 서버 시작 및 초기화 완료
[2025-05-22T09:37:54.698Z] Redis 서버에 연결되었습니다.
[2025-05-22T09:37:54.699Z] Redis 서버 준비 완료
[2025-05-22T09:37:54.699Z] Redis 연결 성공
[2025-05-22T09:37:54.701Z] Redis 키 만료 모니터링 설정 완료
[2025-05-22T09:37:55.144Z] 사용자 연결됨: jioK_Mn1F4-RjCeYAAAB (현재 연결: 1명)
[2025-05-22T09:37:55.153Z] 소켓 연결에서 새 방 생성: 908067, 생성자: jioK_Mn1F4-RjCeYAAAB
[2025-05-22T09:37:55.155Z] 사용자 jioK_Mn1F4-RjCeYAAAB가 방 908067에 입장 (현재 인원: 1명)
[2025-05-22T09:37:55.156Z] 소켓 연결에서 새 방 생성: 908067, 생성자: jioK_Mn1F4-RjCeYAAAB
[2025-05-22T09:37:55.156Z] 사용자 jioK_Mn1F4-RjCeYAAAB가 방 908067에 입장 (현재 인원: 1명)
[2025-05-22T09:37:55.157Z] 소켓 연결에서 새 방 생성: 908067, 생성자: jioK_Mn1F4-RjCeYAAAB
[2025-05-22T09:37:55.157Z] 사용자 jioK_Mn1F4-RjCeYAAAB가 방 908067에 입장 (현재 인원: 1명)
[2025-05-22T09:37:55.160Z] 0개의 그리기 데이터를 클라이언트에 전송했습니다.
[2025-05-22T09:37:55.160Z] 0개의 그리기 데이터를 클라이언트에 전송했습니다.
[2025-05-22T09:37:55.160Z] 0개의 그리기 데이터를 클라이언트에 전송했습니다.
[2025-05-22T09:37:55.162Z] 방 908067에 저장된 이미지가 없습니다.
[2025-05-22T09:37:55.162Z] 방 908067에 저장된 이미지가 없습니다.
[2025-05-22T09:37:55.162Z] 방 908067에 저장된 이미지가 없습니다.
[2025-05-22T09:37:56.141Z] 사용자 연결됨: 2mbiKoMkm_FAvPfgAAAD (현재 연결: 2명)
[2025-05-22T09:37:56.149Z] 사용자 2mbiKoMkm_FAvPfgAAAD가 방 908067에 입장 (현재 인원: 2명)
[2025-05-22T09:37:56.156Z] 사용자 2mbiKoMkm_FAvPfgAAAD가 방 908067에서 나감
[2025-05-22T09:37:56.156Z] 사용자 2mbiKoMkm_FAvPfgAAAD가 방 908067에 입장 (현재 인원: 2명)
[2025-05-22T09:37:56.158Z] 사용자 2mbiKoMkm_FAvPfgAAAD가 방 908067에서 나감
[2025-05-22T09:37:56.159Z] 사용자 2mbiKoMkm_FAvPfgAAAD가 방 908067에 입장 (현재 인원: 2명)
[2025-05-22T09:37:56.160Z] 0개의 그리기 데이터를 클라이언트에 전송했습니다.
[2025-05-22T09:37:56.163Z] 0개의 그리기 데이터를 클라이언트에 전송했습니다.
[2025-05-22T09:37:56.163Z] 0개의 그리기 데이터를 클라이언트에 전송했습니다.
[2025-05-22T09:37:56.163Z] 방 908067에 저장된 이미지가 없습니다.
[2025-05-22T09:37:56.164Z] 방 908067에 저장된 이미지가 없습니다.
[2025-05-22T09:37:56.164Z] 방 908067에 저장된 이미지가 없습니다.
[2025-05-22T09:37:57.141Z] 사용자 연결됨: kfEtckLKcZaaaHXNAAAH (현재 연결: 3명)
[2025-05-22T09:37:57.144Z] 사용자 연결됨: e3ImUfNfShtTSebPAAAI (현재 연결: 4명)
[2025-05-22T09:37:57.150Z] 사용자 연결됨: cF2Y_Ug198dqhsr9AAAK (현재 연결: 5명)
[2025-05-22T09:37:57.152Z] 사용자 kfEtckLKcZaaaHXNAAAH가 방 908067에 입장 (현재 인원: 3명)
[2025-05-22T09:37:57.154Z] 사용자 연결됨: kjSTk5uyi95fSpUuAAAL (현재 연결: 6명)
[2025-05-22T09:37:57.159Z] 사용자 e3ImUfNfShtTSebPAAAI가 방 908067에 입장 (현재 인원: 4명)
[2025-05-22T09:37:57.162Z] 사용자 kfEtckLKcZaaaHXNAAAH가 방 908067에서 나감
[2025-05-22T09:37:57.162Z] 사용자 kfEtckLKcZaaaHXNAAAH가 방 908067에 입장 (현재 인원: 4명)
[2025-05-22T09:37:57.163Z] 사용자 kfEtckLKcZaaaHXNAAAH가 방 908067에서 나감
[2025-05-22T09:37:57.163Z] 사용자 kfEtckLKcZaaaHXNAAAH가 방 908067에 입장 (현재 인원: 4명)
[2025-05-22T09:37:57.166Z] 0개의 그리기 데이터를 클라이언트에 전송했습니다.
[2025-05-22T09:37:57.166Z] 0개의 그리기 데이터를 클라이언트에 전송했습니다.
[2025-05-22T09:37:57.166Z] 0개의 그리기 데이터를 클라이언트에 전송했습니다.
[2025-05-22T09:37:57.166Z] 0개의 그리기 데이터를 클라이언트에 전송했습니다.
[2025-05-22T09:37:57.168Z] 사용자 kjSTk5uyi95fSpUuAAAL가 방 908067에 입장 (현재 인원: 5명)
[2025-05-22T09:37:57.171Z] 사용자 cF2Y_Ug198dqhsr9AAAK가 방 908067에 입장 (현재 인원: 6명)
[2025-05-22T09:37:57.173Z] 사용자 e3ImUfNfShtTSebPAAAI가 방 908067에서 나감
[2025-05-22T09:37:57.173Z] 사용자 e3ImUfNfShtTSebPAAAI가 방 908067에 입장 (현재 인원: 6명)
[2025-05-22T09:37:57.174Z] 사용자 e3ImUfNfShtTSebPAAAI가 방 908067에서 나감
[2025-05-22T09:37:57.175Z] 사용자 e3ImUfNfShtTSebPAAAI가 방 908067에 입장 (현재 인원: 6명)
[2025-05-22T09:37:57.179Z] 사용자 kjSTk5uyi95fSpUuAAAL가 방 908067에서 나감
[2025-05-22T09:37:57.180Z] 사용자 kjSTk5uyi95fSpUuAAAL가 방 908067에 입장 (현재 인원: 6명)
[2025-05-22T09:37:57.180Z] 사용자 kjSTk5uyi95fSpUuAAAL가 방 908067에서 나감
[2025-05-22T09:37:57.181Z] 사용자 kjSTk5uyi95fSpUuAAAL가 방 908067에 입장 (현재 인원: 6명)
[2025-05-22T09:37:57.183Z] 사용자 cF2Y_Ug198dqhsr9AAAK가 방 908067에서 나감
[2025-05-22T09:37:57.184Z] 사용자 cF2Y_Ug198dqhsr9AAAK가 방 908067에 입장 (현재 인원: 6명)
[2025-05-22T09:37:57.184Z] 사용자 cF2Y_Ug198dqhsr9AAAK가 방 908067에서 나감
[2025-05-22T09:37:57.184Z] 사용자 cF2Y_Ug198dqhsr9AAAK가 방 908067에 입장 (현재 인원: 6명)
[2025-05-22T09:37:57.186Z] 방 908067에 저장된 이미지가 없습니다.
[2025-05-22T09:37:57.187Z] 방 908067에 저장된 이미지가 없습니다.
[2025-05-22T09:37:57.187Z] 방 908067에 저장된 이미지가 없습니다.
[2025-05-22T09:37:57.189Z] 방 908067에 저장된 이미지가 없습니다.
[2025-05-22T09:37:57.189Z] 0개의 그리기 데이터를 클라이언트에 전송했습니다.
[2025-05-22T09:37:57.189Z] 0개의 그리기 데이터를 클라이언트에 전송했습니다.
[2025-05-22T09:37:57.189Z] 0개의 그리기 데이터를 클라이언트에 전송했습니다.
[2025-05-22T09:37:57.190Z] 0개의 그리기 데이터를 클라이언트에 전송했습니다.
[2025-05-22T09:37:57.190Z] 0개의 그리기 데이터를 클라이언트에 전송했습니다.
[2025-05-22T09:37:57.191Z] 0개의 그리기 데이터를 클라이언트에 전송했습니다.
[2025-05-22T09:37:57.192Z] 0개의 그리기 데이터를 클라이언트에 전송했습니다.
[2025-05-22T09:37:57.192Z] 0개의 그리기 데이터를 클라이언트에 전송했습니다.
[2025-05-22T09:37:57.192Z] 방 908067에 저장된 이미지가 없습니다.
[2025-05-22T09:37:57.193Z] 방 908067에 저장된 이미지가 없습니다.
[2025-05-22T09:37:57.193Z] 방 908067에 저장된 이미지가 없습니다.
[2025-05-22T09:37:57.193Z] 방 908067에 저장된 이미지가 없습니다.
[2025-05-22T09:37:57.198Z] 방 908067에 저장된 이미지가 없습니다.
[2025-05-22T09:37:57.198Z] 방 908067에 저장된 이미지가 없습니다.
[2025-05-22T09:37:57.199Z] 방 908067에 저장된 이미지가 없습니다.
[2025-05-22T09:37:57.199Z] 방 908067에 저장된 이미지가 없습니다.
[2025-05-22T09:38:08.346Z] 사용자 jioK_Mn1F4-RjCeYAAAB가 방 908067에서 연결 끊김 (이유: transport close) (현재 인원: 5명)
[2025-05-22T09:38:08.349Z] 사용자 cF2Y_Ug198dqhsr9AAAK가 방 908067에서 연결 끊김 (이유: transport error) (현재 인원: 4명)
[2025-05-22T09:38:09.083Z] 사용자 2mbiKoMkm_FAvPfgAAAD가 방 908067에서 연결 끊김 (이유: transport close) (현재 인원: 3명)
[2025-05-22T09:38:09.087Z] 사용자 e3ImUfNfShtTSebPAAAI가 방 908067에서 연결 끊김 (이유: transport error) (현재 인원: 2명)
[2025-05-22T09:38:19.800Z] 404 Not Found: GET /.well-known/appspecific/com.chrome.devtools.json
[2025-05-22T09:38:36.432Z] 사용자 연결됨: kiMhViPpnTRy1I66AAAN (현재 연결: 3명)
[2025-05-22T09:38:36.472Z] 사용자 kiMhViPpnTRy1I66AAAN가 방 908067에 입장 (현재 인원: 3명)
[2025-05-22T09:38:36.477Z] 888개의 그리기 데이터를 클라이언트에 전송했습니다.
[2025-05-22T09:38:36.478Z] 방 908067에 저장된 이미지가 없습니다.
[2025-05-22T09:38:36.488Z] 사용자 kiMhViPpnTRy1I66AAAN가 방 908067에서 나감
[2025-05-22T09:38:36.489Z] 사용자 kiMhViPpnTRy1I66AAAN가 방 908067에 입장 (현재 인원: 3명)
[2025-05-22T09:38:36.494Z] 888개의 그리기 데이터를 클라이언트에 전송했습니다.
[2025-05-22T09:38:36.496Z] 방 908067에 저장된 이미지가 없습니다.
[2025-05-22T09:38:36.501Z] 404 Not Found: GET /favicon.ico
[2025-05-22T09:38:47.881Z] 사용자 연결됨: upXo3zAlj1MeQCa2AAAP (현재 연결: 4명)
[2025-05-22T09:38:47.885Z] 사용자 upXo3zAlj1MeQCa2AAAP가 방 908067에 입장 (현재 인원: 4명)
[2025-05-22T09:38:47.889Z] 888개의 그리기 데이터를 클라이언트에 전송했습니다.
[2025-05-22T09:38:47.890Z] 방 908067에 저장된 이미지가 없습니다.
[2025-05-22T09:38:47.929Z] 사용자 upXo3zAlj1MeQCa2AAAP가 방 908067에서 나감
[2025-05-22T09:38:47.929Z] 사용자 upXo3zAlj1MeQCa2AAAP가 방 908067에 입장 (현재 인원: 4명)
[2025-05-22T09:38:47.933Z] 888개의 그리기 데이터를 클라이언트에 전송했습니다.
[2025-05-22T09:38:47.936Z] 방 908067에 저장된 이미지가 없습니다.
[2025-05-22T09:38:48.347Z] 404 Not Found: GET /favicon.ico
[2025-05-22T09:38:58.698Z] 방 908067에서 캔버스 지우기 요청 수신 (요청자: kjSTk5uyi95fSpUuAAAL)
[2025-05-22T09:38:58.710Z] 방 908067에 clearCanvas 이벤트 브로드캐스트 완료
[2025-05-22T09:39:00.005Z] 방 908067에서 캔버스 지우기 요청 수신 (요청자: kfEtckLKcZaaaHXNAAAH)
[2025-05-22T09:39:00.009Z] 방 908067에 clearCanvas 이벤트 브로드캐스트 완료
[2025-05-22T09:39:03.822Z] 사용자 kiMhViPpnTRy1I66AAAN가 방 908067에서 연결 끊김 (이유: transport close) (현재 인원: 3명)
[2025-05-22T09:39:04.376Z] 사용자 upXo3zAlj1MeQCa2AAAP가 방 908067에서 연결 끊김 (이유: transport close) (현재 인원: 2명)
[2025-05-22T09:39:12.928Z] 사용자 연결됨: U3wOnGJlUAtqpd2YAAAR (현재 연결: 3명)
[2025-05-22T09:39:12.956Z] 사용자 U3wOnGJlUAtqpd2YAAAR가 방 908067에 입장 (현재 인원: 3명)
[2025-05-22T09:39:12.958Z] 520개의 그리기 데이터를 클라이언트에 전송했습니다.
[2025-05-22T09:39:12.959Z] 방 908067에 저장된 이미지가 없습니다.
[2025-05-22T09:39:12.979Z] 사용자 U3wOnGJlUAtqpd2YAAAR가 방 908067에서 나감
[2025-05-22T09:39:12.980Z] 사용자 U3wOnGJlUAtqpd2YAAAR가 방 908067에 입장 (현재 인원: 3명)
[2025-05-22T09:39:12.983Z] 520개의 그리기 데이터를 클라이언트에 전송했습니다.
[2025-05-22T09:39:12.984Z] 방 908067에 저장된 이미지가 없습니다.
[2025-05-22T09:39:13.420Z] 404 Not Found: GET /favicon.ico
[2025-05-22T09:39:22.265Z] 사용자 연결됨: 2Uk43ux_vZh92a_0AAAT (현재 연결: 4명)
[2025-05-22T09:39:22.270Z] 사용자 2Uk43ux_vZh92a_0AAAT가 방 908067에 입장 (현재 인원: 4명)
[2025-05-22T09:39:22.272Z] 666개의 그리기 데이터를 클라이언트에 전송했습니다.
[2025-05-22T09:39:22.273Z] 방 908067에 저장된 이미지가 없습니다.
[2025-05-22T09:39:22.312Z] 사용자 2Uk43ux_vZh92a_0AAAT가 방 908067에서 나감
[2025-05-22T09:39:22.312Z] 사용자 2Uk43ux_vZh92a_0AAAT가 방 908067에 입장 (현재 인원: 4명)
[2025-05-22T09:39:22.316Z] 666개의 그리기 데이터를 클라이언트에 전송했습니다.
[2025-05-22T09:39:22.318Z] 방 908067에 저장된 이미지가 없습니다.
[2025-05-22T09:39:23.797Z] 404 Not Found: GET /favicon.ico
[2025-05-22T09:39:45.160Z] 사용자 연결됨: CRKw3GPOdt_G98x8AAAV (현재 연결: 5명)
[2025-05-22T09:39:45.164Z] 사용자 CRKw3GPOdt_G98x8AAAV가 방 908067에 입장 (현재 인원: 5명)
[2025-05-22T09:39:45.168Z] 792개의 그리기 데이터를 클라이언트에 전송했습니다.
[2025-05-22T09:39:45.169Z] 방 908067에 저장된 이미지가 없습니다.
[2025-05-22T09:39:45.207Z] 사용자 CRKw3GPOdt_G98x8AAAV가 방 908067에서 나감
[2025-05-22T09:39:45.207Z] 사용자 CRKw3GPOdt_G98x8AAAV가 방 908067에 입장 (현재 인원: 5명)
[2025-05-22T09:39:45.211Z] 792개의 그리기 데이터를 클라이언트에 전송했습니다.
[2025-05-22T09:39:45.212Z] 방 908067에 저장된 이미지가 없습니다.
[2025-05-22T09:39:45.645Z] 404 Not Found: GET /favicon.ico
[2025-05-22T09:39:51.481Z] 방 908067에서 캔버스 지우기 요청 수신 (요청자: CRKw3GPOdt_G98x8AAAV)
[2025-05-22T09:39:51.489Z] 방 908067에 clearCanvas 이벤트 브로드캐스트 완료
[2025-05-22T09:42:19.598Z] 서버 종료 중...
[2025-05-22T09:42:19.600Z] Redis 연결 종료됨
[2025-05-22T09:42:20.888Z] 서버 시작 - 포트: 3000, 도메인: http://localhost:3000
[2025-05-22T09:42:20.888Z] Redis 연결 시도 중...
[2025-05-22T09:42:20.906Z] 경고: Redis 연결이 활성화되지 않았습니다. 서버가 제대로 작동하지 않을 수 있습니다.
[2025-05-22T09:42:20.906Z] 서버 시작 및 초기화 완료
[2025-05-22T09:42:20.907Z] Redis 서버에 연결되었습니다.
[2025-05-22T09:42:20.908Z] Redis 서버 준비 완료
[2025-05-22T09:42:20.908Z] Redis 연결 성공
[2025-05-22T09:42:20.910Z] Redis 키 만료 모니터링 설정 완료
[2025-05-22T09:42:21.150Z] 사용자 연결됨: 5L6f0IzNZKi36hbnAAAF (현재 연결: 1명)
[2025-05-22T09:42:21.153Z] 사용자 연결됨: H7_UwlV-t6DzmAMdAAAG (현재 연결: 2명)
[2025-05-22T09:42:21.158Z] 사용자 연결됨: WBcdcJrDPmybJ5ijAAAH (현재 연결: 3명)
[2025-05-22T09:42:21.163Z] 사용자 연결됨: DTyiGS1QRAgGPLRIAAAI (현재 연결: 4명)
[2025-05-22T09:42:21.168Z] 사용자 연결됨: E3vutd6W-t3zRwdBAAAJ (현재 연결: 5명)
[2025-05-22T09:42:21.176Z] 사용자 H7_UwlV-t6DzmAMdAAAG가 방 908067에 입장 (현재 인원: 1명)
[2025-05-22T09:42:21.177Z] 사용자 5L6f0IzNZKi36hbnAAAF가 방 908067에 입장 (현재 인원: 2명)
[2025-05-22T09:42:21.179Z] 사용자 WBcdcJrDPmybJ5ijAAAH가 방 908067에 입장 (현재 인원: 3명)
[2025-05-22T09:42:21.181Z] 사용자 DTyiGS1QRAgGPLRIAAAI가 방 908067에 입장 (현재 인원: 4명)
[2025-05-22T09:42:21.184Z] 사용자 E3vutd6W-t3zRwdBAAAJ가 방 908067에 입장 (현재 인원: 5명)
[2025-05-22T09:42:21.190Z] 사용자 WBcdcJrDPmybJ5ijAAAH가 방 908067에 입장 (현재 인원: 5명)
[2025-05-22T09:42:21.190Z] 사용자 DTyiGS1QRAgGPLRIAAAI가 방 908067에 입장 (현재 인원: 5명)
[2025-05-22T09:42:21.191Z] 0개의 그리기 데이터를 클라이언트에 전송했습니다.
[2025-05-22T09:42:21.192Z] 0개의 그리기 데이터를 클라이언트에 전송했습니다.
[2025-05-22T09:42:21.193Z] 0개의 그리기 데이터를 클라이언트에 전송했습니다.
[2025-05-22T09:42:21.193Z] 0개의 그리기 데이터를 클라이언트에 전송했습니다.
[2025-05-22T09:42:21.193Z] 0개의 그리기 데이터를 클라이언트에 전송했습니다.
[2025-05-22T09:42:21.198Z] 사용자 H7_UwlV-t6DzmAMdAAAG가 방 908067에 입장 (현재 인원: 5명)
[2025-05-22T09:42:21.199Z] 사용자 H7_UwlV-t6DzmAMdAAAG가 방 908067에 입장 (현재 인원: 5명)
[2025-05-22T09:42:21.201Z] 사용자 E3vutd6W-t3zRwdBAAAJ가 방 908067에 입장 (현재 인원: 5명)
[2025-05-22T09:42:21.201Z] 0개의 그리기 데이터를 클라이언트에 전송했습니다.
[2025-05-22T09:42:21.201Z] 0개의 그리기 데이터를 클라이언트에 전송했습니다.
[2025-05-22T09:42:21.201Z] 방 908067에 저장된 이미지가 없습니다.
[2025-05-22T09:42:21.202Z] 방 908067에 저장된 이미지가 없습니다.
[2025-05-22T09:42:21.202Z] 방 908067에 저장된 이미지가 없습니다.
[2025-05-22T09:42:21.202Z] 방 908067에 저장된 이미지가 없습니다.
[2025-05-22T09:42:21.202Z] 방 908067에 저장된 이미지가 없습니다.
[2025-05-22T09:42:21.208Z] 0개의 그리기 데이터를 클라이언트에 전송했습니다.
[2025-05-22T09:42:21.209Z] 0개의 그리기 데이터를 클라이언트에 전송했습니다.
[2025-05-22T09:42:21.209Z] 0개의 그리기 데이터를 클라이언트에 전송했습니다.
[2025-05-22T09:42:21.209Z] 방 908067에 저장된 이미지가 없습니다.
[2025-05-22T09:42:21.209Z] 방 908067에 저장된 이미지가 없습니다.
[2025-05-22T09:42:21.210Z] 방 908067에 저장된 이미지가 없습니다.
[2025-05-22T09:42:21.211Z] 방 908067에 저장된 이미지가 없습니다.
[2025-05-22T09:42:21.211Z] 방 908067에 저장된 이미지가 없습니다.
[2025-05-22T09:42:27.338Z] 사용자 5L6f0IzNZKi36hbnAAAF가 방 908067에서 연결 끊김 (이유: transport close) (현재 인원: 4명)
[2025-05-22T09:42:28.052Z] 사용자 E3vutd6W-t3zRwdBAAAJ가 방 908067에서 연결 끊김 (이유: transport close) (현재 인원: 3명)
[2025-05-22T09:42:29.130Z] 사용자 H7_UwlV-t6DzmAMdAAAG가 방 908067에서 연결 끊김 (이유: transport close) (현재 인원: 2명)
[2025-05-22T09:42:30.696Z] 사용자 WBcdcJrDPmybJ5ijAAAH가 방 908067에서 연결 끊김 (이유: transport close) (현재 인원: 1명)
[2025-05-22T09:42:30.696Z] 사용자 DTyiGS1QRAgGPLRIAAAI가 방 908067에서 연결 끊김 (이유: transport close) (현재 인원: 0명)
[2025-05-22T09:42:30.735Z] 404 Not Found: GET /.well-known/appspecific/com.chrome.devtools.json
[2025-05-22T09:42:30.759Z] 사용자 연결됨: U-xULMZWOX-5M9vTAAAL (현재 연결: 1명)
[2025-05-22T09:42:30.835Z] 사용자 U-xULMZWOX-5M9vTAAAL가 방 908067에 입장 (현재 인원: 1명)
[2025-05-22T09:42:30.836Z] 0개의 그리기 데이터를 클라이언트에 전송했습니다.
[2025-05-22T09:42:30.837Z] 방 908067에 저장된 이미지가 없습니다.
[2025-05-22T09:42:30.847Z] 404 Not Found: GET /favicon.ico
[2025-05-22T09:42:45.078Z] 사용자 연결됨: lq5ZxT8Szj5uVib8AAAN (현재 연결: 2명)
[2025-05-22T09:42:45.082Z] 사용자 lq5ZxT8Szj5uVib8AAAN가 방 908067에 입장 (현재 인원: 2명)
[2025-05-22T09:42:45.084Z] 299개의 그리기 데이터를 클라이언트에 전송했습니다.
[2025-05-22T09:42:45.085Z] 방 908067에 저장된 이미지가 없습니다.
[2025-05-22T09:42:46.728Z] 404 Not Found: GET /favicon.ico
[2025-05-22T09:42:56.117Z] 사용자 연결됨: 6HHCkvHaYzyrCXfqAAAP (현재 연결: 3명)
[2025-05-22T09:42:56.121Z] 사용자 6HHCkvHaYzyrCXfqAAAP가 방 908067에 입장 (현재 인원: 3명)
[2025-05-22T09:42:56.123Z] 536개의 그리기 데이터를 클라이언트에 전송했습니다.
[2025-05-22T09:42:56.124Z] 방 908067에 저장된 이미지가 없습니다.
[2025-05-22T09:42:56.438Z] 404 Not Found: GET /favicon.ico
[2025-05-22T09:44:39.347Z] 사용자 U-xULMZWOX-5M9vTAAAL가 방 908067에서 연결 끊김 (이유: transport close) (현재 인원: 2명)
[2025-05-22T09:44:39.382Z] 404 Not Found: GET /.well-known/appspecific/com.chrome.devtools.json
[2025-05-22T09:44:39.405Z] 사용자 연결됨: 3Qw2QC6UedRxHvVJAAAR (현재 연결: 3명)
[2025-05-22T09:44:39.480Z] 사용자 3Qw2QC6UedRxHvVJAAAR가 방 908067에 입장 (현재 인원: 3명)
[2025-05-22T09:44:39.483Z] 711개의 그리기 데이터를 클라이언트에 전송했습니다.
[2025-05-22T09:44:39.484Z] 방 908067에 저장된 이미지가 없습니다.
[2025-05-22T09:44:39.489Z] 404 Not Found: GET /favicon.ico
[2025-05-22T09:44:49.844Z] 사용자 lq5ZxT8Szj5uVib8AAAN가 방 908067에서 연결 끊김 (이유: transport close) (현재 인원: 2명)
[2025-05-22T09:44:49.868Z] 사용자 연결됨: gY0w73cO2XWRwZsaAAAT (현재 연결: 3명)
[2025-05-22T09:44:49.871Z] 사용자 gY0w73cO2XWRwZsaAAAT가 방 908067에 입장 (현재 인원: 3명)
[2025-05-22T09:44:49.874Z] 711개의 그리기 데이터를 클라이언트에 전송했습니다.
[2025-05-22T09:44:49.875Z] 방 908067에 저장된 이미지가 없습니다.
[2025-05-22T09:44:49.895Z] 404 Not Found: GET /favicon.ico
[2025-05-22T09:44:52.808Z] 사용자 6HHCkvHaYzyrCXfqAAAP가 방 908067에서 연결 끊김 (이유: transport close) (현재 인원: 2명)
[2025-05-22T09:44:52.838Z] 사용자 연결됨: R6ljAQE1lLYYWnfjAAAV (현재 연결: 3명)
[2025-05-22T09:44:52.858Z] 사용자 R6ljAQE1lLYYWnfjAAAV가 방 908067에 입장 (현재 인원: 3명)
[2025-05-22T09:44:52.862Z] 711개의 그리기 데이터를 클라이언트에 전송했습니다.
[2025-05-22T09:44:52.865Z] 방 908067에 저장된 이미지가 없습니다.
[2025-05-22T09:44:52.867Z] 404 Not Found: GET /favicon.ico
[2025-05-22T09:46:59.570Z] 사용자 R6ljAQE1lLYYWnfjAAAV가 방 908067에서 연결 끊김 (이유: transport close) (현재 인원: 2명)
[2025-05-22T09:46:59.610Z] 사용자 연결됨: 7VrfsOnWWznyf-jIAAAX (현재 연결: 3명)
[2025-05-22T09:46:59.629Z] 사용자 7VrfsOnWWznyf-jIAAAX가 방 908067에 입장 (현재 인원: 3명)
[2025-05-22T09:46:59.639Z] 711개의 그리기 데이터를 클라이언트에 전송했습니다.
[2025-05-22T09:46:59.640Z] 404 Not Found: GET /favicon.ico
[2025-05-22T09:46:59.642Z] 방 908067에 저장된 이미지가 없습니다.
[2025-05-22T09:47:00.831Z] 사용자 7VrfsOnWWznyf-jIAAAX가 방 908067에서 연결 끊김 (이유: transport close) (현재 인원: 2명)
[2025-05-22T09:47:00.857Z] 사용자 연결됨: 2IhE5hUO2oWiCXGFAAAZ (현재 연결: 3명)
[2025-05-22T09:47:00.874Z] 사용자 2IhE5hUO2oWiCXGFAAAZ가 방 908067에 입장 (현재 인원: 3명)
[2025-05-22T09:47:00.879Z] 711개의 그리기 데이터를 클라이언트에 전송했습니다.
[2025-05-22T09:47:00.883Z] 방 908067에 저장된 이미지가 없습니다.
[2025-05-22T09:47:00.885Z] 404 Not Found: GET /favicon.ico
[2025-05-22T09:47:17.215Z] 사용자 2IhE5hUO2oWiCXGFAAAZ가 방 908067에서 연결 끊김 (이유: transport close) (현재 인원: 2명)
[2025-05-22T09:47:17.247Z] 사용자 연결됨: xcOv2kUYZ5fisPqFAAAb (현재 연결: 3명)
[2025-05-22T09:47:17.264Z] 사용자 xcOv2kUYZ5fisPqFAAAb가 방 908067에 입장 (현재 인원: 3명)
[2025-05-22T09:47:17.269Z] 711개의 그리기 데이터를 클라이언트에 전송했습니다.
[2025-05-22T09:47:17.274Z] 방 908067에 저장된 이미지가 없습니다.
[2025-05-22T09:47:17.275Z] 404 Not Found: GET /favicon.ico
[2025-05-22T09:47:18.038Z] 사용자 xcOv2kUYZ5fisPqFAAAb가 방 908067에서 연결 끊김 (이유: transport close) (현재 인원: 2명)
[2025-05-22T09:47:18.063Z] 사용자 연결됨: NzCTz9ZdtRdKtEtlAAAd (현재 연결: 3명)
[2025-05-22T09:47:18.077Z] 사용자 NzCTz9ZdtRdKtEtlAAAd가 방 908067에 입장 (현재 인원: 3명)
[2025-05-22T09:47:18.081Z] 711개의 그리기 데이터를 클라이언트에 전송했습니다.
[2025-05-22T09:47:18.086Z] 방 908067에 저장된 이미지가 없습니다.
[2025-05-22T09:47:18.086Z] 404 Not Found: GET /favicon.ico
[2025-05-22T09:47:18.497Z] 사용자 NzCTz9ZdtRdKtEtlAAAd가 방 908067에서 연결 끊김 (이유: transport close) (현재 인원: 2명)
[2025-05-22T09:47:18.527Z] 사용자 연결됨: 8cUP0tPPHkdQqdYdAAAf (현재 연결: 3명)
[2025-05-22T09:47:18.545Z] 사용자 8cUP0tPPHkdQqdYdAAAf가 방 908067에 입장 (현재 인원: 3명)
[2025-05-22T09:47:18.554Z] 404 Not Found: GET /favicon.ico
[2025-05-22T09:47:18.558Z] 711개의 그리기 데이터를 클라이언트에 전송했습니다.
[2025-05-22T09:47:18.560Z] 방 908067에 저장된 이미지가 없습니다.
[2025-05-22T09:47:18.792Z] 사용자 8cUP0tPPHkdQqdYdAAAf가 방 908067에서 연결 끊김 (이유: transport close) (현재 인원: 2명)
[2025-05-22T09:47:18.820Z] 사용자 연결됨: 5Q6zmzGUb-XP4De5AAAh (현재 연결: 3명)
[2025-05-22T09:47:18.835Z] 사용자 5Q6zmzGUb-XP4De5AAAh가 방 908067에 입장 (현재 인원: 3명)
[2025-05-22T09:47:18.840Z] 711개의 그리기 데이터를 클라이언트에 전송했습니다.
[2025-05-22T09:47:18.846Z] 방 908067에 저장된 이미지가 없습니다.
[2025-05-22T09:47:18.846Z] 404 Not Found: GET /favicon.ico
[2025-05-22T09:47:19.026Z] 사용자 5Q6zmzGUb-XP4De5AAAh가 방 908067에서 연결 끊김 (이유: transport close) (현재 인원: 2명)
[2025-05-22T09:47:19.053Z] 사용자 연결됨: 8AN3l_Ala4FCD0uEAAAj (현재 연결: 3명)
[2025-05-22T09:47:19.068Z] 사용자 8AN3l_Ala4FCD0uEAAAj가 방 908067에 입장 (현재 인원: 3명)
[2025-05-22T09:47:19.071Z] 711개의 그리기 데이터를 클라이언트에 전송했습니다.
[2025-05-22T09:47:19.079Z] 방 908067에 저장된 이미지가 없습니다.
[2025-05-22T09:47:19.080Z] 404 Not Found: GET /favicon.ico
[2025-05-22T09:47:19.314Z] 사용자 8AN3l_Ala4FCD0uEAAAj가 방 908067에서 연결 끊김 (이유: transport close) (현재 인원: 2명)
[2025-05-22T09:47:19.341Z] 사용자 연결됨: utaKRF8geOAJZwAxAAAl (현재 연결: 3명)
[2025-05-22T09:47:19.356Z] 사용자 utaKRF8geOAJZwAxAAAl가 방 908067에 입장 (현재 인원: 3명)
[2025-05-22T09:47:19.365Z] 711개의 그리기 데이터를 클라이언트에 전송했습니다.
[2025-05-22T09:47:19.367Z] 방 908067에 저장된 이미지가 없습니다.
[2025-05-22T09:47:19.367Z] 404 Not Found: GET /favicon.ico
[2025-05-22T09:47:20.658Z] 사용자 utaKRF8geOAJZwAxAAAl가 방 908067에서 연결 끊김 (이유: transport close) (현재 인원: 2명)
[2025-05-22T09:47:20.908Z] 메모리 사용량: 16MB / 17MB
[2025-05-22T09:47:23.559Z] 사용자 연결됨: XfHgkBHtzqHkEJ4vAAAn (현재 연결: 3명)
[2025-05-22T09:47:23.563Z] 사용자 XfHgkBHtzqHkEJ4vAAAn가 방 908067에 입장 (현재 인원: 3명)
[2025-05-22T09:47:23.566Z] 711개의 그리기 데이터를 클라이언트에 전송했습니다.
[2025-05-22T09:47:23.566Z] 방 908067에 저장된 이미지가 없습니다.
[2025-05-22T09:47:23.860Z] 404 Not Found: GET /favicon.ico
[2025-05-22T09:47:28.996Z] 사용자 연결됨: SBDlExbQi9vrWiNmAAAp (현재 연결: 4명)
[2025-05-22T09:47:29.000Z] 사용자 SBDlExbQi9vrWiNmAAAp가 방 908067에 입장 (현재 인원: 4명)
[2025-05-22T09:47:29.004Z] 711개의 그리기 데이터를 클라이언트에 전송했습니다.
[2025-05-22T09:47:29.004Z] 방 908067에 저장된 이미지가 없습니다.
[2025-05-22T09:47:29.217Z] 404 Not Found: GET /favicon.ico
[2025-05-22T09:47:35.003Z] 서버 종료 중...
[2025-05-22T09:47:35.005Z] Redis 연결 종료됨
[2025-05-22T09:47:36.312Z] 서버 시작 - 포트: 3000, 도메인: http://localhost:3000
[2025-05-22T09:47:36.313Z] Redis 연결 시도 중...
[2025-05-22T09:47:36.332Z] 경고: Redis 연결이 활성화되지 않았습니다. 서버가 제대로 작동하지 않을 수 있습니다.
[2025-05-22T09:47:36.333Z] 서버 시작 및 초기화 완료
[2025-05-22T09:47:36.334Z] Redis 서버에 연결되었습니다.
[2025-05-22T09:47:36.334Z] Redis 서버 준비 완료
[2025-05-22T09:47:36.334Z] Redis 연결 성공
[2025-05-22T09:47:36.336Z] Redis 키 만료 모니터링 설정 완료
[2025-05-22T09:47:38.145Z] 사용자 연결됨: 4sZyFN4XBF044mvSAAAC (현재 연결: 1명)
[2025-05-22T09:47:38.146Z] 사용자 연결됨: Sd5uXqrWkwdQINWQAAAD (현재 연결: 2명)
[2025-05-22T09:47:38.156Z] 사용자 4sZyFN4XBF044mvSAAAC가 방 908067에 입장 (현재 인원: 1명)
[2025-05-22T09:47:38.157Z] 사용자 4sZyFN4XBF044mvSAAAC가 방 908067에 입장 (현재 인원: 1명)
[2025-05-22T09:47:38.157Z] 사용자 4sZyFN4XBF044mvSAAAC가 방 908067에 입장 (현재 인원: 1명)
[2025-05-22T09:47:38.158Z] 사용자 Sd5uXqrWkwdQINWQAAAD가 방 908067에 입장 (현재 인원: 2명)
[2025-05-22T09:47:38.165Z] 711개의 그리기 데이터를 클라이언트에 전송했습니다.
[2025-05-22T09:47:38.167Z] 711개의 그리기 데이터를 클라이언트에 전송했습니다.
[2025-05-22T09:47:38.169Z] 711개의 그리기 데이터를 클라이언트에 전송했습니다.
[2025-05-22T09:47:38.171Z] 711개의 그리기 데이터를 클라이언트에 전송했습니다.
[2025-05-22T09:47:38.173Z] 방 908067에 저장된 이미지가 없습니다.
[2025-05-22T09:47:38.174Z] 방 908067에 저장된 이미지가 없습니다.
[2025-05-22T09:47:38.174Z] 방 908067에 저장된 이미지가 없습니다.
[2025-05-22T09:47:38.174Z] 방 908067에 저장된 이미지가 없습니다.
[2025-05-22T09:47:39.139Z] 사용자 연결됨: bpD5pgDCjHEaiP1SAAAG (현재 연결: 3명)
[2025-05-22T09:47:39.142Z] 사용자 연결됨: rBR-AsnZ40glCmjWAAAH (현재 연결: 4명)
[2025-05-22T09:47:39.144Z] 사용자 bpD5pgDCjHEaiP1SAAAG가 방 908067에 입장 (현재 인원: 3명)
[2025-05-22T09:47:39.147Z] 사용자 rBR-AsnZ40glCmjWAAAH가 방 908067에 입장 (현재 인원: 4명)
[2025-05-22T09:47:39.150Z] 711개의 그리기 데이터를 클라이언트에 전송했습니다.
[2025-05-22T09:47:39.152Z] 711개의 그리기 데이터를 클라이언트에 전송했습니다.
[2025-05-22T09:47:39.154Z] 방 908067에 저장된 이미지가 없습니다.
[2025-05-22T09:47:39.155Z] 방 908067에 저장된 이미지가 없습니다.
[2025-05-22T09:47:42.184Z] 사용자 4sZyFN4XBF044mvSAAAC가 방 908067에서 연결 끊김 (이유: transport close) (현재 인원: 3명)
[2025-05-22T09:47:42.217Z] 사용자 연결됨: L_7RcwEWXwXPec_zAAAJ (현재 연결: 4명)
[2025-05-22T09:47:42.234Z] 사용자 L_7RcwEWXwXPec_zAAAJ가 방 908067에 입장 (현재 인원: 4명)
[2025-05-22T09:47:42.242Z] 711개의 그리기 데이터를 클라이언트에 전송했습니다.
[2025-05-22T09:47:42.245Z] 404 Not Found: GET /favicon.ico
[2025-05-22T09:47:42.248Z] 방 908067에 저장된 이미지가 없습니다.
[2025-05-22T09:47:43.655Z] 사용자 L_7RcwEWXwXPec_zAAAJ가 방 908067에서 연결 끊김 (이유: transport close) (현재 인원: 3명)
[2025-05-22T09:47:43.681Z] 사용자 연결됨: bLRQYJbnCrS4lwYqAAAL (현재 연결: 4명)
[2025-05-22T09:47:43.699Z] 사용자 bLRQYJbnCrS4lwYqAAAL가 방 908067에 입장 (현재 인원: 4명)
[2025-05-22T09:47:43.707Z] 711개의 그리기 데이터를 클라이언트에 전송했습니다.
[2025-05-22T09:47:43.710Z] 404 Not Found: GET /favicon.ico
[2025-05-22T09:47:43.711Z] 방 908067에 저장된 이미지가 없습니다.
[2025-05-22T09:47:44.016Z] 사용자 bLRQYJbnCrS4lwYqAAAL가 방 908067에서 연결 끊김 (이유: transport close) (현재 인원: 3명)
[2025-05-22T09:47:44.052Z] 사용자 연결됨: YWrVrORLyu4alEo7AAAN (현재 연결: 4명)
[2025-05-22T09:47:44.070Z] 사용자 YWrVrORLyu4alEo7AAAN가 방 908067에 입장 (현재 인원: 4명)
[2025-05-22T09:47:44.078Z] 711개의 그리기 데이터를 클라이언트에 전송했습니다.
[2025-05-22T09:47:44.081Z] 404 Not Found: GET /favicon.ico
[2025-05-22T09:47:44.082Z] 방 908067에 저장된 이미지가 없습니다.
[2025-05-22T09:47:44.254Z] 사용자 YWrVrORLyu4alEo7AAAN가 방 908067에서 연결 끊김 (이유: transport close) (현재 인원: 3명)
[2025-05-22T09:47:44.280Z] 사용자 연결됨: 0IUu2T5T2bCRh5d6AAAP (현재 연결: 4명)
[2025-05-22T09:47:44.297Z] 사용자 0IUu2T5T2bCRh5d6AAAP가 방 908067에 입장 (현재 인원: 4명)
[2025-05-22T09:47:44.306Z] 711개의 그리기 데이터를 클라이언트에 전송했습니다.
[2025-05-22T09:47:44.307Z] 404 Not Found: GET /favicon.ico
[2025-05-22T09:47:44.310Z] 방 908067에 저장된 이미지가 없습니다.
[2025-05-22T09:47:48.817Z] 사용자 Sd5uXqrWkwdQINWQAAAD가 방 908067에서 연결 끊김 (이유: transport close) (현재 인원: 3명)
[2025-05-22T09:47:48.849Z] 404 Not Found: GET /.well-known/appspecific/com.chrome.devtools.json
[2025-05-22T09:47:48.870Z] 사용자 연결됨: fe8rdgzlpfYbdefjAAAR (현재 연결: 4명)
[2025-05-22T09:47:48.942Z] 사용자 fe8rdgzlpfYbdefjAAAR가 방 908067에 입장 (현재 인원: 4명)
[2025-05-22T09:47:48.945Z] 711개의 그리기 데이터를 클라이언트에 전송했습니다.
[2025-05-22T09:47:48.948Z] 방 908067에 저장된 이미지가 없습니다.
[2025-05-22T09:47:48.954Z] 404 Not Found: GET /favicon.ico
[2025-05-22T09:47:51.108Z] 사용자 fe8rdgzlpfYbdefjAAAR가 방 908067에서 연결 끊김 (이유: transport close) (현재 인원: 3명)
[2025-05-22T09:47:51.122Z] 404 Not Found: GET /.well-known/appspecific/com.chrome.devtools.json
[2025-05-22T09:47:51.143Z] 사용자 연결됨: kWMOXcZxFrAvXdhoAAAT (현재 연결: 4명)
[2025-05-22T09:47:51.206Z] 사용자 kWMOXcZxFrAvXdhoAAAT가 방 908067에 입장 (현재 인원: 4명)
[2025-05-22T09:47:51.210Z] 711개의 그리기 데이터를 클라이언트에 전송했습니다.
[2025-05-22T09:47:51.211Z] 방 908067에 저장된 이미지가 없습니다.
[2025-05-22T09:47:51.220Z] 404 Not Found: GET /favicon.ico
[2025-05-22T09:47:51.875Z] 사용자 kWMOXcZxFrAvXdhoAAAT가 방 908067에서 연결 끊김 (이유: transport close) (현재 인원: 3명)
[2025-05-22T09:47:51.896Z] 404 Not Found: GET /.well-known/appspecific/com.chrome.devtools.json
[2025-05-22T09:47:51.927Z] 사용자 연결됨: xtDdJ7JQIPkjtJEnAAAV (현재 연결: 4명)
[2025-05-22T09:47:51.997Z] 사용자 xtDdJ7JQIPkjtJEnAAAV가 방 908067에 입장 (현재 인원: 4명)
[2025-05-22T09:47:52.001Z] 711개의 그리기 데이터를 클라이언트에 전송했습니다.
[2025-05-22T09:47:52.003Z] 방 908067에 저장된 이미지가 없습니다.
[2025-05-22T09:47:52.009Z] 404 Not Found: GET /favicon.ico
[2025-05-22T09:47:52.396Z] 사용자 xtDdJ7JQIPkjtJEnAAAV가 방 908067에서 연결 끊김 (이유: transport close) (현재 인원: 3명)
[2025-05-22T09:47:52.420Z] 404 Not Found: GET /.well-known/appspecific/com.chrome.devtools.json
[2025-05-22T09:47:52.452Z] 사용자 연결됨: JXIIBoD2eG8Hj5kCAAAX (현재 연결: 4명)
[2025-05-22T09:47:52.520Z] 사용자 JXIIBoD2eG8Hj5kCAAAX가 방 908067에 입장 (현재 인원: 4명)
[2025-05-22T09:47:52.524Z] 711개의 그리기 데이터를 클라이언트에 전송했습니다.
[2025-05-22T09:47:52.524Z] 방 908067에 저장된 이미지가 없습니다.
[2025-05-22T09:47:52.531Z] 404 Not Found: GET /favicon.ico
[2025-05-22T09:47:53.235Z] 사용자 JXIIBoD2eG8Hj5kCAAAX가 방 908067에서 연결 끊김 (이유: transport close) (현재 인원: 3명)
[2025-05-22T09:47:53.258Z] 404 Not Found: GET /.well-known/appspecific/com.chrome.devtools.json
[2025-05-22T09:47:53.289Z] 사용자 연결됨: K1jyaDXA2o03iHuTAAAZ (현재 연결: 4명)
[2025-05-22T09:47:53.356Z] 사용자 K1jyaDXA2o03iHuTAAAZ가 방 908067에 입장 (현재 인원: 4명)
[2025-05-22T09:47:53.358Z] 711개의 그리기 데이터를 클라이언트에 전송했습니다.
[2025-05-22T09:47:53.359Z] 방 908067에 저장된 이미지가 없습니다.
[2025-05-22T09:47:53.368Z] 404 Not Found: GET /favicon.ico
[2025-05-22T09:47:53.857Z] 사용자 K1jyaDXA2o03iHuTAAAZ가 방 908067에서 연결 끊김 (이유: transport close) (현재 인원: 3명)
[2025-05-22T09:47:53.885Z] 404 Not Found: GET /.well-known/appspecific/com.chrome.devtools.json
[2025-05-22T09:47:53.915Z] 사용자 연결됨: esfEQZx4miH-puWnAAAb (현재 연결: 4명)
[2025-05-22T09:47:53.981Z] 사용자 esfEQZx4miH-puWnAAAb가 방 908067에 입장 (현재 인원: 4명)
[2025-05-22T09:47:53.985Z] 711개의 그리기 데이터를 클라이언트에 전송했습니다.
[2025-05-22T09:47:53.986Z] 방 908067에 저장된 이미지가 없습니다.
[2025-05-22T09:47:53.993Z] 404 Not Found: GET /favicon.ico
[2025-05-22T09:47:57.233Z] 방 908067에서 캔버스 지우기 요청 수신 (요청자: esfEQZx4miH-puWnAAAb)
[2025-05-22T09:47:57.235Z] 방 908067에 clearCanvas 이벤트 브로드캐스트 완료
[2025-05-22T09:48:04.718Z] 사용자 bpD5pgDCjHEaiP1SAAAG가 방 908067에서 연결 끊김 (이유: transport close) (현재 인원: 3명)
[2025-05-22T09:48:04.763Z] 사용자 연결됨: O-C6Tfo4XRRlRdRGAAAd (현재 연결: 4명)
[2025-05-22T09:48:04.768Z] 사용자 O-C6Tfo4XRRlRdRGAAAd가 방 908067에 입장 (현재 인원: 4명)
[2025-05-22T09:48:04.774Z] 0개의 그리기 데이터를 클라이언트에 전송했습니다.
[2025-05-22T09:48:04.775Z] 404 Not Found: GET /favicon.ico
[2025-05-22T09:48:04.776Z] 방 908067에 저장된 이미지가 없습니다.
[2025-05-22T09:48:10.506Z] 사용자 O-C6Tfo4XRRlRdRGAAAd가 방 908067에서 연결 끊김 (이유: transport close) (현재 인원: 3명)
[2025-05-22T09:48:11.065Z] 사용자 rBR-AsnZ40glCmjWAAAH가 방 908067에서 연결 끊김 (이유: transport close) (현재 인원: 2명)
[2025-05-22T09:48:11.565Z] 사용자 0IUu2T5T2bCRh5d6AAAP가 방 908067에서 연결 끊김 (이유: transport close) (현재 인원: 1명)
[2025-05-22T09:48:20.116Z] 사용자 esfEQZx4miH-puWnAAAb가 방 908067에서 연결 끊김 (이유: transport close) (현재 인원: 0명)
[2025-05-22T09:48:22.146Z] 사용자 연결됨: qpj-aBymTgfy_1gxAAAf (현재 연결: 1명)
[2025-05-22T09:48:22.156Z] 사용자 qpj-aBymTgfy_1gxAAAf가 방 908067에 입장 (현재 인원: 1명)
[2025-05-22T09:48:22.157Z] 0개의 그리기 데이터를 클라이언트에 전송했습니다.
[2025-05-22T09:48:22.159Z] 방 908067에 저장된 이미지가 없습니다.
[2025-05-22T09:53:55.304Z] 메모리 사용량: 15MB / 16MB
[2025-05-22T10:05:05.519Z] 메모리 사용량: 15MB / 16MB
[2025-05-22T10:08:34.611Z] 사용자 qpj-aBymTgfy_1gxAAAf가 방 908067에서 연결 끊김 (이유: transport close) (현재 인원: 0명)
[2025-05-22T10:08:34.646Z] 404 Not Found: GET /.well-known/appspecific/com.chrome.devtools.json
[2025-05-22T10:08:34.673Z] 사용자 연결됨: O4mTd2o1uq_E_H-KAAAh (현재 연결: 1명)
[2025-05-22T10:08:34.752Z] 사용자 O4mTd2o1uq_E_H-KAAAh가 방 908067에 입장 (현재 인원: 1명)
[2025-05-22T10:08:34.753Z] 0개의 그리기 데이터를 클라이언트에 전송했습니다.
[2025-05-22T10:08:34.754Z] 방 908067에 저장된 이미지가 없습니다.
[2025-05-22T10:08:34.760Z] 404 Not Found: GET /favicon.ico
[2025-05-22T10:08:58.711Z] 사용자 연결됨: -86dn5hXas6pHE3oAAAj (현재 연결: 2명)
[2025-05-22T10:08:58.716Z] 사용자 -86dn5hXas6pHE3oAAAj가 방 908067에 입장 (현재 인원: 2명)
[2025-05-22T10:08:58.717Z] 177개의 그리기 데이터를 클라이언트에 전송했습니다.
[2025-05-22T10:08:58.717Z] 방 908067에 저장된 이미지가 없습니다.
[2025-05-22T10:08:59.091Z] 404 Not Found: GET /favicon.ico
[2025-05-22T10:10:04.396Z] 사용자 -86dn5hXas6pHE3oAAAj가 방 908067에서 연결 끊김 (이유: transport close) (현재 인원: 1명)
[2025-05-22T10:10:04.427Z] 사용자 연결됨: 1uuAfnyK-h0FU-ZuAAAl (현재 연결: 2명)
[2025-05-22T10:10:04.447Z] 사용자 1uuAfnyK-h0FU-ZuAAAl가 방 908067에 입장 (현재 인원: 2명)
[2025-05-22T10:10:04.455Z] 404 Not Found: GET /favicon.ico
[2025-05-22T10:10:04.457Z] 177개의 그리기 데이터를 클라이언트에 전송했습니다.
[2025-05-22T10:10:04.459Z] 방 908067에 저장된 이미지가 없습니다.
[2025-05-22T10:10:05.194Z] 사용자 1uuAfnyK-h0FU-ZuAAAl가 방 908067에서 연결 끊김 (이유: transport close) (현재 인원: 1명)
[2025-05-22T10:10:05.217Z] 사용자 연결됨: KuvwzfeNQwl3XTHPAAAn (현재 연결: 2명)
[2025-05-22T10:10:05.233Z] 사용자 KuvwzfeNQwl3XTHPAAAn가 방 908067에 입장 (현재 인원: 2명)
[2025-05-22T10:10:05.242Z] 177개의 그리기 데이터를 클라이언트에 전송했습니다.
[2025-05-22T10:10:05.244Z] 방 908067에 저장된 이미지가 없습니다.
[2025-05-22T10:10:05.244Z] 404 Not Found: GET /favicon.ico
[2025-05-22T10:10:05.520Z] 메모리 사용량: 15MB / 17MB
[2025-05-22T10:10:05.713Z] 사용자 KuvwzfeNQwl3XTHPAAAn가 방 908067에서 연결 끊김 (이유: transport close) (현재 인원: 1명)
[2025-05-22T10:10:05.739Z] 사용자 연결됨: ZMps_iwPrjvWUcc0AAAp (현재 연결: 2명)
[2025-05-22T10:10:05.758Z] 사용자 ZMps_iwPrjvWUcc0AAAp가 방 908067에 입장 (현재 인원: 2명)
[2025-05-22T10:10:05.763Z] 177개의 그리기 데이터를 클라이언트에 전송했습니다.
[2025-05-22T10:10:05.767Z] 404 Not Found: GET /favicon.ico
[2025-05-22T10:10:05.768Z] 방 908067에 저장된 이미지가 없습니다.
[2025-05-22T10:11:35.623Z] 사용자 O4mTd2o1uq_E_H-KAAAh가 방 908067에서 연결 끊김 (이유: transport close) (현재 인원: 1명)
[2025-05-22T10:11:35.655Z] 404 Not Found: GET /.well-known/appspecific/com.chrome.devtools.json
[2025-05-22T10:11:35.683Z] 사용자 연결됨: z2jAgLpQCO1r1-caAAAr (현재 연결: 2명)
[2025-05-22T10:11:35.757Z] 사용자 z2jAgLpQCO1r1-caAAAr가 방 908067에 입장 (현재 인원: 2명)
[2025-05-22T10:11:35.759Z] 177개의 그리기 데이터를 클라이언트에 전송했습니다.
[2025-05-22T10:11:35.759Z] 방 908067에 저장된 이미지가 없습니다.
[2025-05-22T10:11:35.768Z] 404 Not Found: GET /favicon.ico
[2025-05-22T10:15:05.522Z] 메모리 사용량: 15MB / 17MB
[2025-05-22T10:15:37.422Z] 서버 종료 중...
[2025-05-22T10:15:37.423Z] Redis 연결 종료됨
[2025-05-22T10:15:39.200Z] 서버 시작 - 포트: 3000, 도메인: http://localhost:3000
[2025-05-22T10:15:39.200Z] Redis 연결 시도 중...
[2025-05-22T10:15:39.220Z] 경고: Redis 연결이 활성화되지 않았습니다. 서버가 제대로 작동하지 않을 수 있습니다.
[2025-05-22T10:15:39.221Z] 서버 시작 및 초기화 완료
[2025-05-22T10:15:39.222Z] Redis 서버에 연결되었습니다.
[2025-05-22T10:15:39.222Z] Redis 서버 준비 완료
[2025-05-22T10:15:39.222Z] Redis 연결 성공
[2025-05-22T10:15:39.225Z] Redis 키 만료 모니터링 설정 완료
[2025-05-22T10:15:41.074Z] 사용자 연결됨: FDwELkZiUpaS58eMAAAB (현재 연결: 1명)
[2025-05-22T10:15:41.085Z] 사용자 FDwELkZiUpaS58eMAAAB가 방 908067에 입장 (현재 인원: 1명)
[2025-05-22T10:15:41.094Z] 289개의 그리기 데이터를 클라이언트에 전송했습니다.
[2025-05-22T10:15:41.094Z] 방 908067에 저장된 이미지가 없습니다.
[2025-05-22T10:15:41.320Z] 사용자 연결됨: 16iTRiyTxu0PDg5cAAAD (현재 연결: 2명)
[2025-05-22T10:15:41.336Z] 사용자 16iTRiyTxu0PDg5cAAAD가 방 908067에 입장 (현재 인원: 2명)
[2025-05-22T10:15:41.370Z] 289개의 그리기 데이터를 클라이언트에 전송했습니다.
[2025-05-22T10:15:41.372Z] 방 908067에 저장된 이미지가 없습니다.
[2025-05-22T10:15:43.946Z] 사용자 16iTRiyTxu0PDg5cAAAD가 방 908067에서 연결 끊김 (이유: transport close) (현재 인원: 1명)
[2025-05-22T10:15:43.982Z] 404 Not Found: GET /.well-known/appspecific/com.chrome.devtools.json
[2025-05-22T10:15:44.010Z] 사용자 연결됨: Z5ZGNFYHLthkYD4gAAAF (현재 연결: 2명)
[2025-05-22T10:15:44.084Z] 사용자 Z5ZGNFYHLthkYD4gAAAF가 방 908067에 입장 (현재 인원: 2명)
[2025-05-22T10:15:44.087Z] 289개의 그리기 데이터를 클라이언트에 전송했습니다.
[2025-05-22T10:15:44.095Z] 방 908067에 저장된 이미지가 없습니다.
[2025-05-22T10:15:44.096Z] 404 Not Found: GET /favicon.ico
[2025-05-22T10:15:44.994Z] 사용자 Z5ZGNFYHLthkYD4gAAAF가 방 908067에서 연결 끊김 (이유: transport close) (현재 인원: 1명)
[2025-05-22T10:15:45.020Z] 404 Not Found: GET /.well-known/appspecific/com.chrome.devtools.json
[2025-05-22T10:15:45.054Z] 사용자 연결됨: H1TVG_FaoYnqca3FAAAH (현재 연결: 2명)
[2025-05-22T10:15:45.125Z] 사용자 H1TVG_FaoYnqca3FAAAH가 방 908067에 입장 (현재 인원: 2명)
[2025-05-22T10:15:45.127Z] 289개의 그리기 데이터를 클라이언트에 전송했습니다.
[2025-05-22T10:15:45.127Z] 방 908067에 저장된 이미지가 없습니다.
[2025-05-22T10:15:45.135Z] 404 Not Found: GET /favicon.ico
[2025-05-22T10:15:54.636Z] 사용자 H1TVG_FaoYnqca3FAAAH가 방 908067에서 연결 끊김 (이유: transport close) (현재 인원: 1명)
[2025-05-22T10:15:54.659Z] 404 Not Found: GET /.well-known/appspecific/com.chrome.devtools.json
[2025-05-22T10:15:54.693Z] 사용자 연결됨: fJlsG0_3ZRj-tS9gAAAJ (현재 연결: 2명)
[2025-05-22T10:15:54.763Z] 사용자 fJlsG0_3ZRj-tS9gAAAJ가 방 908067에 입장 (현재 인원: 2명)
[2025-05-22T10:15:54.768Z] 289개의 그리기 데이터를 클라이언트에 전송했습니다.
[2025-05-22T10:15:54.771Z] 방 908067에 저장된 이미지가 없습니다.
[2025-05-22T10:15:54.774Z] 404 Not Found: GET /favicon.ico
[2025-05-22T10:20:39.198Z] 메모리 사용량: 14MB / 16MB
[2025-05-22T23:39:07.040Z] 서버 시작 - 포트: 3000, 도메인: http://localhost:3000
[2025-05-22T23:39:07.040Z] Redis 연결 시도 중...
[2025-05-22T23:39:07.058Z] 경고: Redis 연결이 활성화되지 않았습니다. 서버가 제대로 작동하지 않을 수 있습니다.
[2025-05-22T23:39:07.058Z] 서버 시작 및 초기화 완료
[2025-05-22T23:39:07.059Z] Redis 서버에 연결되었습니다.
[2025-05-22T23:39:07.059Z] Redis 서버 준비 완료
[2025-05-22T23:39:07.059Z] Redis 연결 성공
[2025-05-22T23:39:07.062Z] Redis 키 만료 모니터링 설정 완료
[2025-05-22T23:39:25.290Z] 404 Not Found: GET /favicon.ico
[2025-05-22T23:39:38.211Z] 사용자 연결됨: iY_CU_QL_n2EQBrGAAAB (현재 연결: 1명)
[2025-05-22T23:39:38.220Z] 사용자 iY_CU_QL_n2EQBrGAAAB가 방 908067에 입장 (현재 인원: 1명)
[2025-05-22T23:39:38.221Z] 사용자 iY_CU_QL_n2EQBrGAAAB가 방 908067에 입장 (현재 인원: 1명)
[2025-05-22T23:39:38.224Z] 289개의 그리기 데이터를 클라이언트에 전송했습니다.
[2025-05-22T23:39:38.224Z] 289개의 그리기 데이터를 클라이언트에 전송했습니다.
[2025-05-22T23:39:38.225Z] 방 908067에 저장된 이미지가 없습니다.
[2025-05-22T23:39:38.225Z] 방 908067에 저장된 이미지가 없습니다.
[2025-05-22T23:39:39.525Z] 사용자 iY_CU_QL_n2EQBrGAAAB가 방 908067에서 연결 끊김 (이유: transport close) (현재 인원: 0명)
[2025-05-22T23:39:39.549Z] 사용자 연결됨: c313CqdpvCEeilKeAAAD (현재 연결: 1명)
[2025-05-22T23:39:39.553Z] 사용자 c313CqdpvCEeilKeAAAD가 방 908067에 입장 (현재 인원: 1명)
[2025-05-22T23:39:39.556Z] 289개의 그리기 데이터를 클라이언트에 전송했습니다.
[2025-05-22T23:39:39.571Z] 방 908067에 저장된 이미지가 없습니다.
[2025-05-22T23:39:40.835Z] 사용자 c313CqdpvCEeilKeAAAD가 방 908067에서 연결 끊김 (이유: transport close) (현재 인원: 0명)
[2025-05-22T23:40:01.286Z] API 호출로 새 방 생성: 195853, 생성자: ::1-1747957201286
[2025-05-22T23:40:01.405Z] 사용자 연결됨: pRm7mJu-0j78UnL6AAAF (현재 연결: 1명)
[2025-05-22T23:40:01.407Z] 사용자 pRm7mJu-0j78UnL6AAAF가 방 195853에 입장 (현재 인원: 1명)
[2025-05-22T23:40:01.410Z] 404 Not Found: GET /favicon.ico
[2025-05-22T23:40:01.412Z] 0개의 그리기 데이터를 클라이언트에 전송했습니다.
[2025-05-22T23:40:01.413Z] 방 195853에 저장된 이미지가 없습니다.
[2025-05-22T23:42:54.178Z] 사용자 pRm7mJu-0j78UnL6AAAF가 방 195853에서 연결 끊김 (이유: transport close) (현재 인원: 0명)
[2025-05-22T23:42:54.214Z] 404 Not Found: GET /favicon.ico
[2025-05-22T23:42:54.216Z] 사용자 연결됨: JP3EiN7QchdtJ3xpAAAH (현재 연결: 1명)
[2025-05-22T23:42:54.219Z] 사용자 JP3EiN7QchdtJ3xpAAAH가 방 195853에 입장 (현재 인원: 1명)
[2025-05-22T23:42:54.221Z] 0개의 그리기 데이터를 클라이언트에 전송했습니다.
[2025-05-22T23:42:54.222Z] 방 195853에 저장된 이미지가 없습니다.
[2025-05-22T23:42:55.875Z] 사용자 JP3EiN7QchdtJ3xpAAAH가 방 195853에서 연결 끊김 (이유: transport close) (현재 인원: 0명)
[2025-05-22T23:42:55.908Z] 404 Not Found: GET /favicon.ico
[2025-05-22T23:42:55.910Z] 사용자 연결됨: 0YR33Mvv5YyVkgrVAAAJ (현재 연결: 1명)
[2025-05-22T23:42:55.914Z] 사용자 0YR33Mvv5YyVkgrVAAAJ가 방 195853에 입장 (현재 인원: 1명)
[2025-05-22T23:42:55.917Z] 0개의 그리기 데이터를 클라이언트에 전송했습니다.
[2025-05-22T23:42:55.918Z] 방 195853에 저장된 이미지가 없습니다.
[2025-05-22T23:42:56.836Z] 사용자 0YR33Mvv5YyVkgrVAAAJ가 방 195853에서 연결 끊김 (이유: transport close) (현재 인원: 0명)
[2025-05-22T23:42:56.872Z] 사용자 연결됨: 1IcdW2qEG9et14R2AAAL (현재 연결: 1명)
[2025-05-22T23:42:56.874Z] 404 Not Found: GET /favicon.ico
[2025-05-22T23:42:56.876Z] 사용자 1IcdW2qEG9et14R2AAAL가 방 195853에 입장 (현재 인원: 1명)
[2025-05-22T23:42:56.880Z] 0개의 그리기 데이터를 클라이언트에 전송했습니다.
[2025-05-22T23:42:56.881Z] 방 195853에 저장된 이미지가 없습니다.
[2025-05-22T23:42:57.775Z] 사용자 1IcdW2qEG9et14R2AAAL가 방 195853에서 연결 끊김 (이유: transport close) (현재 인원: 0명)
[2025-05-22T23:42:57.813Z] 사용자 연결됨: DWslG1OQkVzc3xazAAAN (현재 연결: 1명)
[2025-05-22T23:42:57.814Z] 404 Not Found: GET /favicon.ico
[2025-05-22T23:42:57.816Z] 사용자 DWslG1OQkVzc3xazAAAN가 방 195853에 입장 (현재 인원: 1명)
[2025-05-22T23:42:57.821Z] 0개의 그리기 데이터를 클라이언트에 전송했습니다.
[2025-05-22T23:42:57.822Z] 방 195853에 저장된 이미지가 없습니다.
[2025-05-22T23:42:58.422Z] 사용자 DWslG1OQkVzc3xazAAAN가 방 195853에서 연결 끊김 (이유: transport close) (현재 인원: 0명)
[2025-05-22T23:42:58.459Z] 사용자 연결됨: _w44gBTgXedmi_PsAAAP (현재 연결: 1명)
[2025-05-22T23:42:58.461Z] 404 Not Found: GET /favicon.ico
[2025-05-22T23:42:58.463Z] 사용자 _w44gBTgXedmi_PsAAAP가 방 195853에 입장 (현재 인원: 1명)
[2025-05-22T23:42:58.465Z] 0개의 그리기 데이터를 클라이언트에 전송했습니다.
[2025-05-22T23:42:58.465Z] 방 195853에 저장된 이미지가 없습니다.
[2025-05-22T23:42:59.212Z] 사용자 _w44gBTgXedmi_PsAAAP가 방 195853에서 연결 끊김 (이유: transport close) (현재 인원: 0명)
[2025-05-22T23:42:59.271Z] 사용자 연결됨: I-jx0iFLScsKNygaAAAR (현재 연결: 1명)
[2025-05-22T23:42:59.271Z] 404 Not Found: GET /favicon.ico
[2025-05-22T23:42:59.274Z] 사용자 I-jx0iFLScsKNygaAAAR가 방 195853에 입장 (현재 인원: 1명)
[2025-05-22T23:42:59.276Z] 0개의 그리기 데이터를 클라이언트에 전송했습니다.
[2025-05-22T23:42:59.277Z] 방 195853에 저장된 이미지가 없습니다.
[2025-05-22T23:43:00.334Z] 사용자 I-jx0iFLScsKNygaAAAR가 방 195853에서 연결 끊김 (이유: transport close) (현재 인원: 0명)
[2025-05-22T23:43:00.374Z] 404 Not Found: GET /favicon.ico
[2025-05-22T23:43:00.376Z] 사용자 연결됨: re5L_v-Vhaz2wCunAAAT (현재 연결: 1명)
[2025-05-22T23:43:00.380Z] 사용자 re5L_v-Vhaz2wCunAAAT가 방 195853에 입장 (현재 인원: 1명)
[2025-05-22T23:43:00.381Z] 0개의 그리기 데이터를 클라이언트에 전송했습니다.
[2025-05-22T23:43:00.382Z] 방 195853에 저장된 이미지가 없습니다.
[2025-05-22T23:43:37.977Z] 사용자 re5L_v-Vhaz2wCunAAAT가 방 195853에서 연결 끊김 (이유: transport close) (현재 인원: 0명)
[2025-05-22T23:43:38.014Z] 사용자 연결됨: dpMZUmOfY2XTyWTIAAAV (현재 연결: 1명)
[2025-05-22T23:43:38.016Z] 404 Not Found: GET /favicon.ico
[2025-05-22T23:43:38.033Z] 사용자 dpMZUmOfY2XTyWTIAAAV가 방 195853에 입장 (현재 인원: 1명)
[2025-05-22T23:43:38.035Z] 0개의 그리기 데이터를 클라이언트에 전송했습니다.
[2025-05-22T23:43:38.039Z] 방 195853에 저장된 이미지가 없습니다.
[2025-05-22T23:43:46.197Z] 사용자 연결됨: q8Xt0N_nTLC3dvIuAAAX (현재 연결: 2명)
[2025-05-22T23:43:46.198Z] 사용자 q8Xt0N_nTLC3dvIuAAAX가 방 195853에 입장 (현재 인원: 2명)
[2025-05-22T23:43:46.200Z] 0개의 그리기 데이터를 클라이언트에 전송했습니다.
[2025-05-22T23:43:46.200Z] 방 195853에 저장된 이미지가 없습니다.
[2025-05-22T23:43:46.220Z] 404 Not Found: GET /favicon.ico
[2025-05-22T23:44:07.061Z] 메모리 사용량: 15MB / 16MB
[2025-05-22T23:44:43.278Z] 404 Not Found: GET /.well-known/appspecific/com.chrome.devtools.json
[2025-05-22T23:45:33.320Z] 사용자 q8Xt0N_nTLC3dvIuAAAX가 방 195853에서 연결 끊김 (이유: transport close) (현재 인원: 1명)
[2025-05-22T23:45:33.333Z] 404 Not Found: GET /.well-known/appspecific/com.chrome.devtools.json
[2025-05-22T23:45:33.363Z] 사용자 연결됨: Tz8s8pj7PcW8jMeiAAAZ (현재 연결: 2명)
[2025-05-22T23:45:33.364Z] 404 Not Found: GET /favicon.ico
[2025-05-22T23:45:33.369Z] 사용자 Tz8s8pj7PcW8jMeiAAAZ가 방 195853에 입장 (현재 인원: 2명)
[2025-05-22T23:45:33.370Z] 0개의 그리기 데이터를 클라이언트에 전송했습니다.
[2025-05-22T23:45:33.371Z] 방 195853에 저장된 이미지가 없습니다.
[2025-05-22T23:49:07.063Z] 메모리 사용량: 15MB / 17MB
[2025-05-22T23:54:07.041Z] 메모리 사용량: 14MB / 18MB
[2025-05-22T23:59:07.040Z] 메모리 사용량: 15MB / 18MB
[2025-05-23T00:04:07.039Z] 메모리 사용량: 15MB / 17MB
[2025-05-23T00:05:00.534Z] 사용자 Tz8s8pj7PcW8jMeiAAAZ가 방 195853에서 연결 끊김 (이유: transport close) (현재 인원: 1명)
[2025-05-23T00:05:00.544Z] 404 Not Found: GET /.well-known/appspecific/com.chrome.devtools.json
[2025-05-23T00:05:00.593Z] 사용자 연결됨: tubDmt4H2E5ZvpQCAAAb (현재 연결: 2명)
[2025-05-23T00:05:00.593Z] 404 Not Found: GET /favicon.ico
[2025-05-23T00:05:00.596Z] 사용자 tubDmt4H2E5ZvpQCAAAb가 방 195853에 입장 (현재 인원: 2명)
[2025-05-23T00:05:00.597Z] 0개의 그리기 데이터를 클라이언트에 전송했습니다.
[2025-05-23T00:05:00.598Z] 방 195853에 저장된 이미지가 없습니다.
[2025-05-23T00:05:20.025Z] 사용자 tubDmt4H2E5ZvpQCAAAb가 방 195853에서 연결 끊김 (이유: transport close) (현재 인원: 1명)
[2025-05-23T00:05:20.037Z] 404 Not Found: GET /.well-known/appspecific/com.chrome.devtools.json
[2025-05-23T00:05:20.067Z] 사용자 연결됨: piDfeGv3CeMXrxNyAAAd (현재 연결: 2명)
[2025-05-23T00:05:20.067Z] 404 Not Found: GET /favicon.ico
[2025-05-23T00:05:20.069Z] 사용자 piDfeGv3CeMXrxNyAAAd가 방 195853에 입장 (현재 인원: 2명)
[2025-05-23T00:05:20.070Z] 0개의 그리기 데이터를 클라이언트에 전송했습니다.
[2025-05-23T00:05:20.071Z] 방 195853에 저장된 이미지가 없습니다.
[2025-05-23T00:05:20.956Z] 사용자 piDfeGv3CeMXrxNyAAAd가 방 195853에서 연결 끊김 (이유: transport close) (현재 인원: 1명)
[2025-05-23T00:05:20.966Z] 404 Not Found: GET /.well-known/appspecific/com.chrome.devtools.json
[2025-05-23T00:05:20.993Z] 404 Not Found: GET /favicon.ico
[2025-05-23T00:05:20.998Z] 사용자 연결됨: vpjhSnnOHT86_YkRAAAf (현재 연결: 2명)
[2025-05-23T00:05:21.001Z] 사용자 vpjhSnnOHT86_YkRAAAf가 방 195853에 입장 (현재 인원: 2명)
[2025-05-23T00:05:21.004Z] 0개의 그리기 데이터를 클라이언트에 전송했습니다.
[2025-05-23T00:05:21.004Z] 방 195853에 저장된 이미지가 없습니다.
[2025-05-23T00:05:46.815Z] 사용자 연결됨: NiiOtAuDTCVqW4EEAAAh (현재 연결: 3명)
[2025-05-23T00:05:46.816Z] 404 Not Found: GET /favicon.ico
[2025-05-23T00:05:46.817Z] 사용자 NiiOtAuDTCVqW4EEAAAh가 방 195853에 입장 (현재 인원: 3명)
[2025-05-23T00:05:46.819Z] 300개의 그리기 데이터를 클라이언트에 전송했습니다.
[2025-05-23T00:05:46.821Z] 방 195853에 저장된 이미지가 없습니다.
[2025-05-23T00:08:17.550Z] 사용자 NiiOtAuDTCVqW4EEAAAh가 방 195853에서 연결 끊김 (이유: transport close) (현재 인원: 2명)
[2025-05-23T00:08:17.590Z] 사용자 연결됨: V8jTN-JyrbeLjGoZAAAj (현재 연결: 3명)
[2025-05-23T00:08:17.591Z] 404 Not Found: GET /favicon.ico
[2025-05-23T00:08:17.592Z] 사용자 V8jTN-JyrbeLjGoZAAAj가 방 195853에 입장 (현재 인원: 3명)
[2025-05-23T00:08:17.594Z] 300개의 그리기 데이터를 클라이언트에 전송했습니다.
[2025-05-23T00:08:17.594Z] 방 195853에 저장된 이미지가 없습니다.
[2025-05-23T00:08:31.200Z] 방 195853에서 캔버스 지우기 요청 수신 (요청자: vpjhSnnOHT86_YkRAAAf)
[2025-05-23T00:08:31.202Z] 방 195853에 clearCanvas 이벤트 브로드캐스트 완료
[2025-05-23T00:09:07.037Z] 메모리 사용량: 16MB / 17MB
