[2025-05-23T00:25:15.069Z] 서버 시작 - 포트: 3000, 도메인: http://localhost:3000
[2025-05-23T00:25:15.069Z] Redis 연결 시도 중...
[2025-05-23T00:25:15.092Z] 경고: Redis 연결이 활성화되지 않았습니다. 서버가 제대로 작동하지 않을 수 있습니다.
[2025-05-23T00:25:15.092Z] 서버 시작 및 초기화 완료
[2025-05-23T00:25:15.093Z] Redis 서버에 연결되었습니다.
[2025-05-23T00:25:15.093Z] Redis 서버 준비 완료
[2025-05-23T00:25:15.093Z] Redis 연결 성공
[2025-05-23T00:25:15.096Z] Redis 키 만료 모니터링 설정 완료
[2025-05-23T00:25:16.564Z] 사용자 연결됨: jtWt_uENiNP6_S1jAAAB (현재 연결: 1명)
[2025-05-23T00:25:16.568Z] 방 186774에 사용자가 없어 jtWt_uENiNP6_S1jAAAB를 새 방장으로 설정
[2025-05-23T00:25:16.569Z] 사용자 jtWt_uENiNP6_S1jAAAB가 방 186774에 입장 (현재 인원: 1명)
[2025-05-23T00:25:16.569Z] 사용자 jtWt_uENiNP6_S1jAAAB가 방 186774에 입장 (현재 인원: 1명)
[2025-05-23T00:25:16.569Z] 사용자 jtWt_uENiNP6_S1jAAAB가 방 186774에 입장 (현재 인원: 1명)
[2025-05-23T00:25:16.570Z] 0개의 그리기 데이터를 클라이언트에 전송했습니다.
[2025-05-23T00:25:16.570Z] 0개의 그리기 데이터를 클라이언트에 전송했습니다.
[2025-05-23T00:25:16.570Z] 0개의 그리기 데이터를 클라이언트에 전송했습니다.
[2025-05-23T00:25:16.571Z] 방 186774에 저장된 이미지가 없습니다.
[2025-05-23T00:25:16.571Z] 방 186774에 저장된 이미지가 없습니다.
[2025-05-23T00:25:16.571Z] 방 186774에 저장된 이미지가 없습니다.
[2025-05-23T00:25:16.672Z] 사용자 연결됨: MRoG7qUmp5zqC4lhAAAD (현재 연결: 2명)
[2025-05-23T00:25:16.675Z] 사용자 MRoG7qUmp5zqC4lhAAAD가 방 186774에 입장 (현재 인원: 2명)
[2025-05-23T00:25:16.676Z] 0개의 그리기 데이터를 클라이언트에 전송했습니다.
[2025-05-23T00:25:16.678Z] 방 186774에 저장된 이미지가 없습니다.
[2025-05-23T00:25:20.377Z] 사용자 MRoG7qUmp5zqC4lhAAAD가 방 186774에서 연결 끊김 (이유: transport close) (현재 인원: 1명)
[2025-05-23T00:25:20.418Z] 404 Not Found: GET /favicon.ico
[2025-05-23T00:25:20.422Z] 사용자 연결됨: HobDRcl7B-RGD3XGAAAF (현재 연결: 2명)
[2025-05-23T00:25:20.427Z] 사용자 HobDRcl7B-RGD3XGAAAF가 방 186774에 입장 (현재 인원: 2명)
[2025-05-23T00:25:20.429Z] 0개의 그리기 데이터를 클라이언트에 전송했습니다.
[2025-05-23T00:25:20.429Z] 방 186774에 저장된 이미지가 없습니다.
[2025-05-23T00:25:27.497Z] 사용자 jtWt_uENiNP6_S1jAAAB가 방 186774에서 연결 끊김 (이유: transport close) (현재 인원: 1명)
[2025-05-23T00:25:27.534Z] 사용자 연결됨: 1NfzfzTl_1Uyis_eAAAH (현재 연결: 2명)
[2025-05-23T00:25:27.537Z] 사용자 1NfzfzTl_1Uyis_eAAAH가 방 186774에 입장 (현재 인원: 2명)
[2025-05-23T00:25:27.538Z] 404 Not Found: GET /favicon.ico
[2025-05-23T00:25:27.540Z] 0개의 그리기 데이터를 클라이언트에 전송했습니다.
[2025-05-23T00:25:27.541Z] 방 186774에 저장된 이미지가 없습니다.
[2025-05-23T00:25:27.791Z] 사용자 1NfzfzTl_1Uyis_eAAAH가 방 186774에서 연결 끊김 (이유: transport close) (현재 인원: 1명)
[2025-05-23T00:25:27.828Z] 사용자 연결됨: A0EI8SkP9xAg9erVAAAJ (현재 연결: 2명)
[2025-05-23T00:25:27.830Z] 404 Not Found: GET /favicon.ico
[2025-05-23T00:25:27.832Z] 사용자 A0EI8SkP9xAg9erVAAAJ가 방 186774에 입장 (현재 인원: 2명)
[2025-05-23T00:25:27.836Z] 0개의 그리기 데이터를 클라이언트에 전송했습니다.
[2025-05-23T00:25:27.838Z] 방 186774에 저장된 이미지가 없습니다.
[2025-05-23T00:25:28.020Z] 사용자 A0EI8SkP9xAg9erVAAAJ가 방 186774에서 연결 끊김 (이유: transport close) (현재 인원: 1명)
[2025-05-23T00:25:28.059Z] 사용자 연결됨: OcEOhVfGv1u131ztAAAL (현재 연결: 2명)
[2025-05-23T00:25:28.059Z] 404 Not Found: GET /favicon.ico
[2025-05-23T00:25:28.062Z] 사용자 OcEOhVfGv1u131ztAAAL가 방 186774에 입장 (현재 인원: 2명)
[2025-05-23T00:25:28.064Z] 0개의 그리기 데이터를 클라이언트에 전송했습니다.
[2025-05-23T00:25:28.064Z] 방 186774에 저장된 이미지가 없습니다.
[2025-05-23T00:26:14.474Z] 사용자 OcEOhVfGv1u131ztAAAL가 방 186774에서 연결 끊김 (이유: transport close) (현재 인원: 1명)
[2025-05-23T00:26:14.516Z] 404 Not Found: GET /favicon.ico
[2025-05-23T00:26:14.517Z] 사용자 연결됨: w1pcmFYEOAx2kZdZAAAN (현재 연결: 2명)
[2025-05-23T00:26:15.391Z] 사용자 연결 끊김: w1pcmFYEOAx2kZdZAAAN (이유: transport close) (현재 연결: 1명)
[2025-05-23T00:26:15.439Z] 사용자 연결됨: hOD9VRJMRYm0GUWVAAAP (현재 연결: 2명)
[2025-05-23T00:26:15.449Z] 404 Not Found: GET /favicon.ico
[2025-05-23T00:26:15.634Z] 사용자 연결 끊김: hOD9VRJMRYm0GUWVAAAP (이유: transport close) (현재 연결: 1명)
[2025-05-23T00:26:15.670Z] 404 Not Found: GET /favicon.ico
[2025-05-23T00:26:15.671Z] 사용자 연결됨: nUhKvjzU9Uv6HlJFAAAR (현재 연결: 2명)
[2025-05-23T00:26:21.248Z] 사용자 연결 끊김: nUhKvjzU9Uv6HlJFAAAR (이유: transport close) (현재 연결: 1명)
[2025-05-23T00:26:23.483Z] 사용자 HobDRcl7B-RGD3XGAAAF가 방 186774에서 연결 끊김 (이유: transport close) (현재 인원: 0명)
[2025-05-23T00:26:23.518Z] 404 Not Found: GET /favicon.ico
[2025-05-23T00:26:23.519Z] 사용자 연결됨: c1Ie00in7VQ8t8ffAAAT (현재 연결: 1명)
[2025-05-23T00:26:24.442Z] 사용자 연결 끊김: c1Ie00in7VQ8t8ffAAAT (이유: transport close) (현재 연결: 0명)
[2025-05-23T00:26:24.482Z] 404 Not Found: GET /favicon.ico
[2025-05-23T00:26:24.483Z] 사용자 연결됨: CRU6brwz2MO5ROc5AAAV (현재 연결: 1명)
[2025-05-23T00:26:27.121Z] 사용자 연결 끊김: CRU6brwz2MO5ROc5AAAV (이유: client namespace disconnect) (현재 연결: 0명)
[2025-05-23T00:26:27.239Z] 404 Not Found: GET /favicon.ico
[2025-05-23T00:26:30.188Z] 404 Not Found: GET /favicon.ico
[2025-05-23T00:27:21.711Z] 404 Not Found: GET /favicon.ico
[2025-05-23T00:27:23.280Z] API 호출로 새 방 생성: 472276, 생성자: ::1-1747960043279
[2025-05-23T00:27:23.364Z] 404 Not Found: GET /favicon.ico
[2025-05-23T00:27:23.366Z] 사용자 연결됨: PCt0girymevlhu9NAAAX (현재 연결: 1명)
[2025-05-23T00:27:27.249Z] 서버 종료 중...
[2025-05-23T00:27:27.249Z] Redis 연결 종료됨
[2025-05-23T00:27:28.370Z] 서버 시작 - 포트: 3000, 도메인: http://localhost:3000
[2025-05-23T00:27:28.370Z] Redis 연결 시도 중...
[2025-05-23T00:27:28.388Z] 경고: Redis 연결이 활성화되지 않았습니다. 서버가 제대로 작동하지 않을 수 있습니다.
[2025-05-23T00:27:28.388Z] 서버 시작 및 초기화 완료
[2025-05-23T00:27:28.389Z] Redis 서버에 연결되었습니다.
[2025-05-23T00:27:28.389Z] Redis 서버 준비 완료
[2025-05-23T00:27:28.389Z] Redis 연결 성공
[2025-05-23T00:27:28.391Z] Redis 키 만료 모니터링 설정 완료
[2025-05-23T00:27:28.521Z] 사용자 연결됨: ChX06vZtg_oG_6U8AAAB (현재 연결: 1명)
[2025-05-23T00:27:32.565Z] 사용자 연결 끊김: ChX06vZtg_oG_6U8AAAB (이유: transport close) (현재 연결: 0명)
[2025-05-23T00:27:32.567Z] 존재하지 않는 방에 접근 시도, 새로 생성: 472276
[2025-05-23T00:27:32.609Z] 404 Not Found: GET /favicon.ico
[2025-05-23T00:27:32.611Z] 사용자 연결됨: eOmbVuJm3tP3IHZmAAAD (현재 연결: 1명)
[2025-05-23T00:27:33.501Z] 사용자 연결 끊김: eOmbVuJm3tP3IHZmAAAD (이유: transport close) (현재 연결: 0명)
[2025-05-23T00:27:33.538Z] 404 Not Found: GET /favicon.ico
[2025-05-23T00:27:33.545Z] 사용자 연결됨: hxTn3Cr4UoGDOl_SAAAF (현재 연결: 1명)
[2025-05-23T00:27:36.179Z] 사용자 연결 끊김: hxTn3Cr4UoGDOl_SAAAF (이유: client namespace disconnect) (현재 연결: 0명)
[2025-05-23T00:27:36.281Z] 404 Not Found: GET /favicon.ico
[2025-05-23T00:27:37.855Z] API 호출로 새 방 생성: 802378, 생성자: ::1-1747960057854
[2025-05-23T00:27:37.940Z] 사용자 연결됨: K1TeO6-y9MAn_OaOAAAH (현재 연결: 1명)
[2025-05-23T00:27:37.942Z] 404 Not Found: GET /favicon.ico
[2025-05-23T00:27:59.725Z] 사용자 연결 끊김: K1TeO6-y9MAn_OaOAAAH (이유: transport close) (현재 연결: 0명)
[2025-05-23T00:27:59.763Z] 404 Not Found: GET /favicon.ico
[2025-05-23T00:27:59.765Z] 사용자 연결됨: Aekgc5eMsBc0Zy8oAAAJ (현재 연결: 1명)
[2025-05-23T00:28:00.720Z] 사용자 연결 끊김: Aekgc5eMsBc0Zy8oAAAJ (이유: transport close) (현재 연결: 0명)
[2025-05-23T00:28:00.756Z] 404 Not Found: GET /favicon.ico
[2025-05-23T00:28:00.757Z] 사용자 연결됨: rQpvCMAUxgVpm_hKAAAL (현재 연결: 1명)
[2025-05-23T00:28:01.347Z] 사용자 연결 끊김: rQpvCMAUxgVpm_hKAAAL (이유: transport close) (현재 연결: 0명)
[2025-05-23T00:28:01.387Z] 404 Not Found: GET /favicon.ico
[2025-05-23T00:28:01.388Z] 사용자 연결됨: -ZG2tI-4zZxPdqVpAAAN (현재 연결: 1명)
[2025-05-23T00:28:05.179Z] 사용자 연결 끊김: -ZG2tI-4zZxPdqVpAAAN (이유: client namespace disconnect) (현재 연결: 0명)
[2025-05-23T00:28:05.304Z] 404 Not Found: GET /favicon.ico
[2025-05-23T00:28:06.786Z] API 호출로 새 방 생성: 782843, 생성자: ::1-1747960086784
[2025-05-23T00:28:06.870Z] 404 Not Found: GET /favicon.ico
[2025-05-23T00:28:06.873Z] 사용자 연결됨: 1bFjK0hRm7A4HB9lAAAP (현재 연결: 1명)
[2025-05-23T00:28:36.733Z] 서버 종료 중...
[2025-05-23T00:28:36.734Z] Redis 연결 종료됨
[2025-05-23T00:28:38.200Z] 서버 시작 - 포트: 3000, 도메인: http://localhost:3000
[2025-05-23T00:28:38.200Z] Redis 연결 시도 중...
[2025-05-23T00:28:38.221Z] 경고: Redis 연결이 활성화되지 않았습니다. 서버가 제대로 작동하지 않을 수 있습니다.
[2025-05-23T00:28:38.221Z] 서버 시작 및 초기화 완료
[2025-05-23T00:28:38.222Z] Redis 서버에 연결되었습니다.
[2025-05-23T00:28:38.222Z] Redis 서버 준비 완료
[2025-05-23T00:28:38.223Z] Redis 연결 성공
[2025-05-23T00:28:38.225Z] Redis 키 만료 모니터링 설정 완료
[2025-05-23T00:28:40.094Z] 사용자 연결됨: FeXkkPUUOwnZQkSNAAAB (현재 연결: 1명)
[2025-05-23T00:28:42.825Z] 사용자 연결 끊김: FeXkkPUUOwnZQkSNAAAB (이유: transport close) (현재 연결: 0명)
[2025-05-23T00:28:42.826Z] 존재하지 않는 방에 접근 시도, 새로 생성: 782843
[2025-05-23T00:28:42.890Z] 404 Not Found: GET /favicon.ico
[2025-05-23T00:28:42.901Z] 사용자 연결됨: 75fN1cgJqw7kzcJFAAAD (현재 연결: 1명)
[2025-05-23T00:28:43.984Z] 사용자 연결 끊김: 75fN1cgJqw7kzcJFAAAD (이유: transport close) (현재 연결: 0명)
[2025-05-23T00:28:44.022Z] 404 Not Found: GET /favicon.ico
[2025-05-23T00:28:44.026Z] 사용자 연결됨: 3LaYLtPzDIqNltpgAAAF (현재 연결: 1명)
[2025-05-23T00:28:49.648Z] 사용자 연결됨: TFZwEh0SzDadz4u7AAAH (현재 연결: 2명)
[2025-05-23T00:28:49.649Z] 404 Not Found: GET /favicon.ico
[2025-05-23T00:29:42.853Z] 사용자 연결 끊김: TFZwEh0SzDadz4u7AAAH (이유: transport close) (현재 연결: 1명)
[2025-05-23T00:29:42.892Z] 404 Not Found: GET /favicon.ico
[2025-05-23T00:29:42.893Z] 사용자 연결됨: jFd74IbAgZ4liUyqAAAJ (현재 연결: 2명)
[2025-05-23T00:29:42.895Z] 방 782843에 사용자가 없어 jFd74IbAgZ4liUyqAAAJ를 새 방장으로 설정
[2025-05-23T00:29:42.896Z] 사용자 jFd74IbAgZ4liUyqAAAJ가 방 782843에 입장 (현재 인원: 1명)
[2025-05-23T00:29:42.898Z] 0개의 그리기 데이터를 클라이언트에 전송했습니다.
[2025-05-23T00:29:42.898Z] 방 782843에 저장된 이미지가 없습니다.
[2025-05-23T00:29:46.713Z] 사용자 jFd74IbAgZ4liUyqAAAJ가 방 782843에서 연결 끊김 (이유: transport close) (현재 인원: 0명)
[2025-05-23T00:29:46.811Z] 404 Not Found: GET /favicon.ico
[2025-05-23T00:29:48.439Z] API 호출로 새 방 생성: 650699, 생성자: ::1-1747960188437
[2025-05-23T00:29:48.524Z] 사용자 연결됨: W2XmLS6bu2g5p9goAAAL (현재 연결: 2명)
[2025-05-23T00:29:48.527Z] 404 Not Found: GET /favicon.ico
[2025-05-23T00:29:48.528Z] 방 650699에 사용자가 없어 W2XmLS6bu2g5p9goAAAL를 새 방장으로 설정
[2025-05-23T00:29:48.528Z] 사용자 W2XmLS6bu2g5p9goAAAL가 방 650699에 입장 (현재 인원: 1명)
[2025-05-23T00:29:48.530Z] 0개의 그리기 데이터를 클라이언트에 전송했습니다.
[2025-05-23T00:29:48.531Z] 방 650699에 저장된 이미지가 없습니다.
[2025-05-23T00:29:52.927Z] 사용자 연결 끊김: 3LaYLtPzDIqNltpgAAAF (이유: transport close) (현재 연결: 1명)
[2025-05-23T00:29:52.977Z] 사용자 연결됨: lwrh8gZQhqr0dEfZAAAN (현재 연결: 2명)
[2025-05-23T00:29:52.978Z] 404 Not Found: GET /favicon.ico
[2025-05-23T00:29:52.980Z] 방 782843에 사용자가 없어 lwrh8gZQhqr0dEfZAAAN를 새 방장으로 설정
[2025-05-23T00:29:52.981Z] 사용자 lwrh8gZQhqr0dEfZAAAN가 방 782843에 입장 (현재 인원: 1명)
[2025-05-23T00:29:52.982Z] 1개의 그리기 데이터를 클라이언트에 전송했습니다.
[2025-05-23T00:29:52.983Z] 방 782843에 저장된 이미지가 없습니다.
[2025-05-23T00:30:00.375Z] 사용자 연결됨: 51t1zFxfOR8hACTgAAAP (현재 연결: 3명)
[2025-05-23T00:30:00.376Z] 404 Not Found: GET /favicon.ico
[2025-05-23T00:30:00.378Z] 사용자 51t1zFxfOR8hACTgAAAP가 방 650699에 입장 (현재 인원: 2명)
[2025-05-23T00:30:00.379Z] 0개의 그리기 데이터를 클라이언트에 전송했습니다.
[2025-05-23T00:30:00.380Z] 방 650699에 저장된 이미지가 없습니다.
[2025-05-23T00:30:14.628Z] 방 650699에서 캔버스 지우기 요청 수신 (요청자: 51t1zFxfOR8hACTgAAAP)
[2025-05-23T00:30:14.631Z] 방 650699에 clearCanvas 이벤트 브로드캐스트 완료
[2025-05-23T00:33:14.631Z] 사용자 51t1zFxfOR8hACTgAAAP가 방 650699에서 연결 끊김 (이유: transport close) (현재 인원: 1명)
[2025-05-23T00:33:14.674Z] 사용자 연결됨: omTg3dMgyWdR5VM3AAAR (현재 연결: 3명)
[2025-05-23T00:33:14.676Z] 404 Not Found: GET /favicon.ico
[2025-05-23T00:33:14.676Z] 사용자 omTg3dMgyWdR5VM3AAAR가 방 650699에 입장 (현재 인원: 2명)
[2025-05-23T00:33:14.677Z] 0개의 그리기 데이터를 클라이언트에 전송했습니다.
[2025-05-23T00:33:14.678Z] 방 650699에 저장된 이미지가 없습니다.
[2025-05-23T00:33:38.208Z] 메모리 사용량: 14MB / 16MB
[2025-05-23T00:33:41.253Z] 사용자 omTg3dMgyWdR5VM3AAAR가 방 650699에서 연결 끊김 (이유: transport close) (현재 인원: 1명)
[2025-05-23T00:33:41.338Z] 404 Not Found: GET /favicon.ico
[2025-05-23T00:33:45.875Z] 사용자 W2XmLS6bu2g5p9goAAAL가 방 650699에서 연결 끊김 (이유: transport close) (현재 인원: 0명)
[2025-05-23T00:33:49.371Z] 사용자 lwrh8gZQhqr0dEfZAAAN가 방 782843에서 연결 끊김 (이유: transport close) (현재 인원: 0명)
[2025-05-23T00:33:49.411Z] 사용자 연결됨: qk3LaUfu0wHvQII6AAAT (현재 연결: 1명)
[2025-05-23T00:33:49.413Z] 404 Not Found: GET /favicon.ico
[2025-05-23T00:33:49.414Z] 방 782843에 사용자가 없어 qk3LaUfu0wHvQII6AAAT를 새 방장으로 설정
[2025-05-23T00:33:49.415Z] 사용자 qk3LaUfu0wHvQII6AAAT가 방 782843에 입장 (현재 인원: 1명)
[2025-05-23T00:33:49.416Z] 1개의 그리기 데이터를 클라이언트에 전송했습니다.
[2025-05-23T00:33:49.418Z] 방 782843에 저장된 이미지가 없습니다.
[2025-05-23T00:33:50.393Z] 사용자 qk3LaUfu0wHvQII6AAAT가 방 782843에서 연결 끊김 (이유: transport close) (현재 인원: 0명)
[2025-05-23T00:33:50.429Z] 사용자 연결됨: El1x44EPKUJJ7zcvAAAV (현재 연결: 1명)
[2025-05-23T00:33:50.430Z] 404 Not Found: GET /favicon.ico
[2025-05-23T00:33:50.432Z] 방 782843에 사용자가 없어 El1x44EPKUJJ7zcvAAAV를 새 방장으로 설정
[2025-05-23T00:33:50.432Z] 사용자 El1x44EPKUJJ7zcvAAAV가 방 782843에 입장 (현재 인원: 1명)
[2025-05-23T00:33:50.435Z] 1개의 그리기 데이터를 클라이언트에 전송했습니다.
[2025-05-23T00:33:50.436Z] 방 782843에 저장된 이미지가 없습니다.
[2025-05-23T00:35:53.882Z] 사용자 연결됨: paCvlSQL71JwNYxQAAAX (현재 연결: 2명)
[2025-05-23T00:35:53.883Z] 404 Not Found: GET /favicon.ico
[2025-05-23T00:35:53.885Z] 사용자 paCvlSQL71JwNYxQAAAX가 방 782843에 입장 (현재 인원: 2명)
[2025-05-23T00:35:53.888Z] 1개의 그리기 데이터를 클라이언트에 전송했습니다.
[2025-05-23T00:35:53.889Z] 방 782843에 저장된 이미지가 없습니다.
[2025-05-23T00:36:03.266Z] 사용자 paCvlSQL71JwNYxQAAAX가 방 782843에서 연결 끊김 (이유: transport close) (현재 인원: 1명)
[2025-05-23T00:36:03.342Z] 404 Not Found: GET /favicon.ico
[2025-05-23T00:37:12.672Z] API 호출로 새 방 생성: 329278, 생성자: ::1-1747960632671
[2025-05-23T00:37:12.762Z] 사용자 연결됨: 8ZfbDsAZjWtB6blcAAAZ (현재 연결: 2명)
[2025-05-23T00:37:12.767Z] 방 329278에 사용자가 없어 8ZfbDsAZjWtB6blcAAAZ를 새 방장으로 설정
[2025-05-23T00:37:12.767Z] 사용자 8ZfbDsAZjWtB6blcAAAZ가 방 329278에 입장 (현재 인원: 1명)
[2025-05-23T00:37:12.768Z] 404 Not Found: GET /favicon.ico
[2025-05-23T00:37:12.769Z] 0개의 그리기 데이터를 클라이언트에 전송했습니다.
[2025-05-23T00:37:12.770Z] 방 329278에 저장된 이미지가 없습니다.
[2025-05-23T00:37:26.848Z] 사용자 연결됨: CPLyTK1cDfuyrQsrAAAb (현재 연결: 3명)
[2025-05-23T00:37:26.851Z] 404 Not Found: GET /favicon.ico
[2025-05-23T00:37:26.852Z] 사용자 CPLyTK1cDfuyrQsrAAAb가 방 329278에 입장 (현재 인원: 2명)
[2025-05-23T00:37:26.853Z] 0개의 그리기 데이터를 클라이언트에 전송했습니다.
[2025-05-23T00:37:26.853Z] 방 329278에 저장된 이미지가 없습니다.
[2025-05-23T00:37:58.865Z] 사용자 El1x44EPKUJJ7zcvAAAV가 방 782843에서 연결 끊김 (이유: transport close) (현재 인원: 0명)
[2025-05-23T00:37:59.819Z] 방장 8ZfbDsAZjWtB6blcAAAZ가 나가서 CPLyTK1cDfuyrQsrAAAb를 새 방장으로 지정 (방: 329278)
[2025-05-23T00:37:59.820Z] 사용자 8ZfbDsAZjWtB6blcAAAZ가 방 329278에서 연결 끊김 (이유: transport close) (현재 인원: 1명)
[2025-05-23T00:38:15.595Z] 방 329278의 그리기 권한 변경: 활성화 (요청자: CPLyTK1cDfuyrQsrAAAb)
[2025-05-23T00:38:15.597Z] 방 329278의 그리기 권한이 활성화되었습니다. (변경자: CPLyTK1cDfuyrQsrAAAb)
[2025-05-23T00:38:22.842Z] 사용자 연결됨: kdX9U9oBgD-cV9b2AAAd (현재 연결: 2명)
[2025-05-23T00:38:22.846Z] 사용자 kdX9U9oBgD-cV9b2AAAd가 방 329278에 입장 (현재 인원: 2명)
[2025-05-23T00:38:22.847Z] 404 Not Found: GET /favicon.ico
[2025-05-23T00:38:22.851Z] 869개의 그리기 데이터를 클라이언트에 전송했습니다.
[2025-05-23T00:38:22.852Z] 방 329278에 저장된 이미지가 없습니다.
[2025-05-23T00:38:35.225Z] 사용자 kdX9U9oBgD-cV9b2AAAd가 방 329278에서 연결 끊김 (이유: transport close) (현재 인원: 1명)
[2025-05-23T00:38:37.307Z] 사용자 CPLyTK1cDfuyrQsrAAAb가 방 329278에서 연결 끊김 (이유: transport close) (현재 인원: 0명)
[2025-05-23T00:38:38.195Z] 메모리 사용량: 16MB / 18MB
[2025-05-23T00:38:44.511Z] 404 Not Found: GET /favicon.ico
[2025-05-23T00:38:49.482Z] 서버 종료 중...
[2025-05-23T00:38:49.483Z] Redis 연결 종료됨
[2025-05-23T00:38:50.868Z] 서버 시작 - 포트: 3000, 도메인: http://localhost:3000
[2025-05-23T00:38:50.868Z] Redis 연결 시도 중...
[2025-05-23T00:38:50.886Z] 경고: Redis 연결이 활성화되지 않았습니다. 서버가 제대로 작동하지 않을 수 있습니다.
[2025-05-23T00:38:50.886Z] 서버 시작 및 초기화 완료
[2025-05-23T00:38:50.887Z] Redis 서버에 연결되었습니다.
[2025-05-23T00:38:50.887Z] Redis 서버 준비 완료
[2025-05-23T00:38:50.887Z] Redis 연결 성공
[2025-05-23T00:38:50.889Z] Redis 키 만료 모니터링 설정 완료
[2025-05-23T00:38:54.380Z] API 호출로 새 방 생성: 616399, 생성자: ::1-1747960734379
[2025-05-23T00:38:54.467Z] 404 Not Found: GET /favicon.ico
[2025-05-23T00:38:54.471Z] 사용자 연결됨: 4WcDS-qOy85stspbAAAB (현재 연결: 1명)
[2025-05-23T00:38:54.476Z] 방 616399에 사용자가 없어 4WcDS-qOy85stspbAAAB를 새 방장으로 설정
[2025-05-23T00:38:54.477Z] 사용자 4WcDS-qOy85stspbAAAB가 방 616399에 입장 (현재 인원: 1명)
[2025-05-23T00:38:54.478Z] 0개의 그리기 데이터를 클라이언트에 전송했습니다.
[2025-05-23T00:38:54.478Z] 방 616399에 저장된 이미지가 없습니다.
[2025-05-23T00:39:19.074Z] 사용자 연결됨: ALgz9mbh6wMMN5M0AAAD (현재 연결: 2명)
[2025-05-23T00:39:19.075Z] 404 Not Found: GET /favicon.ico
[2025-05-23T00:39:19.076Z] 사용자 ALgz9mbh6wMMN5M0AAAD가 방 616399에 입장 (현재 인원: 2명)
[2025-05-23T00:39:19.079Z] 438개의 그리기 데이터를 클라이언트에 전송했습니다.
[2025-05-23T00:39:19.081Z] 방 616399에 저장된 이미지가 없습니다.
[2025-05-23T00:39:25.433Z] 방 616399의 그리기 권한 변경: 비활성화 (요청자: 4WcDS-qOy85stspbAAAB)
[2025-05-23T00:39:25.435Z] 방 616399의 그리기 권한이 비활성화되었습니다. (변경자: 4WcDS-qOy85stspbAAAB)
[2025-05-23T00:41:59.111Z] 404 Not Found: GET /.well-known/appspecific/com.chrome.devtools.json
[2025-05-23T00:42:05.048Z] 사용자 ALgz9mbh6wMMN5M0AAAD가 방 616399에서 연결 끊김 (이유: transport close) (현재 인원: 1명)
[2025-05-23T00:42:05.060Z] 404 Not Found: GET /.well-known/appspecific/com.chrome.devtools.json
[2025-05-23T00:42:05.092Z] 404 Not Found: GET /favicon.ico
[2025-05-23T00:42:05.093Z] 사용자 연결됨: FB6Vh1g0wWoD_P00AAAF (현재 연결: 2명)
[2025-05-23T00:42:05.095Z] 사용자 FB6Vh1g0wWoD_P00AAAF가 방 616399에 입장 (현재 인원: 2명)
[2025-05-23T00:42:05.098Z] 621개의 그리기 데이터를 클라이언트에 전송했습니다.
[2025-05-23T00:42:05.099Z] 방 616399에 저장된 이미지가 없습니다.
[2025-05-23T00:42:28.572Z] 방장 4WcDS-qOy85stspbAAAB가 나가서 FB6Vh1g0wWoD_P00AAAF를 새 방장으로 지정 (방: 616399)
[2025-05-23T00:42:28.573Z] 사용자 4WcDS-qOy85stspbAAAB가 방 616399에서 연결 끊김 (이유: transport close) (현재 인원: 1명)
[2025-05-23T00:42:28.616Z] 404 Not Found: GET /favicon.ico
[2025-05-23T00:42:28.618Z] 사용자 연결됨: fP1YRsYOY4NhqDnwAAAH (현재 연결: 2명)
[2025-05-23T00:42:28.621Z] 사용자 fP1YRsYOY4NhqDnwAAAH가 방 616399에 입장 (현재 인원: 2명)
[2025-05-23T00:42:28.623Z] 621개의 그리기 데이터를 클라이언트에 전송했습니다.
[2025-05-23T00:42:28.623Z] 방 616399에 저장된 이미지가 없습니다.
[2025-05-23T00:42:41.032Z] 방 616399에서 캔버스 지우기 요청 수신 (요청자: FB6Vh1g0wWoD_P00AAAF)
[2025-05-23T00:42:41.033Z] 방 616399에 clearCanvas 이벤트 브로드캐스트 완료
[2025-05-23T00:43:50.871Z] 메모리 사용량: 15MB / 16MB
[2025-05-23T00:43:51.084Z] 서버 종료 중...
[2025-05-23T00:43:51.085Z] Redis 연결 종료됨
[2025-05-23T00:43:52.771Z] 서버 시작 - 포트: 3000, 도메인: http://localhost:3000
[2025-05-23T00:43:52.771Z] Redis 연결 시도 중...
[2025-05-23T00:43:52.790Z] 경고: Redis 연결이 활성화되지 않았습니다. 서버가 제대로 작동하지 않을 수 있습니다.
[2025-05-23T00:43:52.791Z] 서버 시작 및 초기화 완료
[2025-05-23T00:43:52.792Z] Redis 서버에 연결되었습니다.
[2025-05-23T00:43:52.792Z] Redis 서버 준비 완료
[2025-05-23T00:43:52.792Z] Redis 연결 성공
[2025-05-23T00:43:52.794Z] Redis 키 만료 모니터링 설정 완료
[2025-05-23T00:43:53.308Z] 사용자 연결됨: scnN_AMmKA-QncWKAAAB (현재 연결: 1명)
[2025-05-23T00:43:53.335Z] 방 616399에 사용자가 없어 scnN_AMmKA-QncWKAAAB를 새 방장으로 설정
[2025-05-23T00:43:53.335Z] 사용자 scnN_AMmKA-QncWKAAAB가 방 616399에 입장 (현재 인원: 1명)
[2025-05-23T00:43:53.336Z] 0개의 그리기 데이터를 클라이언트에 전송했습니다.
[2025-05-23T00:43:53.337Z] 방 616399에 저장된 이미지가 없습니다.
[2025-05-23T00:43:53.683Z] 사용자 연결됨: DTVn4S7mbeo3gNc4AAAD (현재 연결: 2명)
[2025-05-23T00:43:53.686Z] 사용자 DTVn4S7mbeo3gNc4AAAD가 방 616399에 입장 (현재 인원: 2명)
[2025-05-23T00:43:53.688Z] 0개의 그리기 데이터를 클라이언트에 전송했습니다.
[2025-05-23T00:43:53.689Z] 방 616399에 저장된 이미지가 없습니다.
[2025-05-23T00:43:58.067Z] 방장 scnN_AMmKA-QncWKAAAB가 나가서 DTVn4S7mbeo3gNc4AAAD를 새 방장으로 지정 (방: 616399)
[2025-05-23T00:43:58.070Z] 사용자 scnN_AMmKA-QncWKAAAB가 방 616399에서 연결 끊김 (이유: transport close) (현재 인원: 1명)
[2025-05-23T00:44:04.209Z] 사용자 DTVn4S7mbeo3gNc4AAAD가 방 616399에서 연결 끊김 (이유: transport close) (현재 인원: 0명)
[2025-05-23T00:44:04.304Z] 404 Not Found: GET /favicon.ico
[2025-05-23T00:44:06.411Z] API 호출로 새 방 생성: 217969, 생성자: ::1-1747961046410
[2025-05-23T00:44:06.496Z] 사용자 연결됨: 0IgeRg21PeEGqO39AAAF (현재 연결: 1명)
[2025-05-23T00:44:06.498Z] 방 217969에 사용자가 없어 0IgeRg21PeEGqO39AAAF를 새 방장으로 설정
[2025-05-23T00:44:06.498Z] 사용자 0IgeRg21PeEGqO39AAAF가 방 217969에 입장 (현재 인원: 1명)
[2025-05-23T00:44:06.499Z] 404 Not Found: GET /favicon.ico
[2025-05-23T00:44:06.501Z] 0개의 그리기 데이터를 클라이언트에 전송했습니다.
[2025-05-23T00:44:06.502Z] 방 217969에 저장된 이미지가 없습니다.
[2025-05-23T00:44:13.466Z] 사용자 연결됨: oGbW2QxwRjJUufUBAAAH (현재 연결: 2명)
[2025-05-23T00:44:13.468Z] 404 Not Found: GET /favicon.ico
[2025-05-23T00:44:13.469Z] 사용자 oGbW2QxwRjJUufUBAAAH가 방 217969에 입장 (현재 인원: 2명)
[2025-05-23T00:44:13.470Z] 0개의 그리기 데이터를 클라이언트에 전송했습니다.
[2025-05-23T00:44:13.471Z] 방 217969에 저장된 이미지가 없습니다.
[2025-05-23T00:48:52.777Z] 메모리 사용량: 14MB / 16MB
[2025-05-23T00:51:42.379Z] 서버 종료 중...
[2025-05-23T00:51:42.380Z] Redis 연결 종료됨
[2025-05-23T00:51:43.826Z] 서버 시작 - 포트: 3000, 도메인: http://localhost:3000
[2025-05-23T00:51:43.826Z] Redis 연결 시도 중...
[2025-05-23T00:51:43.847Z] 경고: Redis 연결이 활성화되지 않았습니다. 서버가 제대로 작동하지 않을 수 있습니다.
[2025-05-23T00:51:43.847Z] 서버 시작 및 초기화 완료
[2025-05-23T00:51:43.848Z] Redis 서버에 연결되었습니다.
[2025-05-23T00:51:43.848Z] Redis 서버 준비 완료
[2025-05-23T00:51:43.848Z] Redis 연결 성공
[2025-05-23T00:51:43.850Z] Redis 키 만료 모니터링 설정 완료
[2025-05-23T00:51:44.905Z] 사용자 연결됨: RmF22GzK-JNWmMNFAAAB (현재 연결: 1명)
[2025-05-23T00:51:44.912Z] 방 217969에 사용자가 없어 RmF22GzK-JNWmMNFAAAB를 새 방장으로 설정
[2025-05-23T00:51:44.912Z] 사용자 RmF22GzK-JNWmMNFAAAB가 방 217969에 입장 (현재 인원: 1명)
[2025-05-23T00:51:44.913Z] 0개의 그리기 데이터를 클라이언트에 전송했습니다.
[2025-05-23T00:51:44.914Z] 방 217969에 저장된 이미지가 없습니다.
[2025-05-23T00:51:45.892Z] 사용자 연결됨: oBaxLPSmvJGCzAGKAAAD (현재 연결: 2명)
[2025-05-23T00:51:45.895Z] 사용자 oBaxLPSmvJGCzAGKAAAD가 방 217969에 입장 (현재 인원: 2명)
[2025-05-23T00:51:45.897Z] 0개의 그리기 데이터를 클라이언트에 전송했습니다.
[2025-05-23T00:51:45.899Z] 방 217969에 저장된 이미지가 없습니다.
[2025-05-23T00:51:48.052Z] 사용자 oBaxLPSmvJGCzAGKAAAD가 방 217969에서 연결 끊김 (이유: transport close) (현재 인원: 1명)
[2025-05-23T00:51:51.088Z] 사용자 RmF22GzK-JNWmMNFAAAB가 방 217969에서 연결 끊김 (이유: transport close) (현재 인원: 0명)
[2025-05-23T00:51:51.169Z] 404 Not Found: GET /favicon.ico
[2025-05-23T00:51:53.311Z] API 호출로 새 방 생성: 182041, 생성자: ::1-1747961513311
[2025-05-23T00:51:53.413Z] 사용자 연결됨: 1PLMn1XPB8SNtFPkAAAF (현재 연결: 1명)
[2025-05-23T00:51:53.414Z] 404 Not Found: GET /favicon.ico
[2025-05-23T00:51:53.417Z] 방 182041에 사용자가 없어 1PLMn1XPB8SNtFPkAAAF를 새 방장으로 설정
[2025-05-23T00:51:53.417Z] 사용자 1PLMn1XPB8SNtFPkAAAF가 방 182041에 입장 (현재 인원: 1명)
[2025-05-23T00:51:53.418Z] 0개의 그리기 데이터를 클라이언트에 전송했습니다.
[2025-05-23T00:51:53.419Z] 방 182041에 저장된 이미지가 없습니다.
[2025-05-23T00:52:56.308Z] 사용자 1PLMn1XPB8SNtFPkAAAF가 방 182041에서 연결 끊김 (이유: transport close) (현재 인원: 0명)
[2025-05-23T00:52:56.350Z] 사용자 연결됨: pAUCi2QoVIhNLFUrAAAH (현재 연결: 1명)
[2025-05-23T00:52:56.352Z] 404 Not Found: GET /favicon.ico
[2025-05-23T00:52:56.353Z] 방 182041에 사용자가 없어 pAUCi2QoVIhNLFUrAAAH를 새 방장으로 설정
[2025-05-23T00:52:56.353Z] 사용자 pAUCi2QoVIhNLFUrAAAH가 방 182041에 입장 (현재 인원: 1명)
[2025-05-23T00:52:56.356Z] 0개의 그리기 데이터를 클라이언트에 전송했습니다.
[2025-05-23T00:52:56.356Z] 방 182041에 저장된 이미지가 없습니다.
[2025-05-23T00:53:05.430Z] 사용자 연결됨: PfEF0kb4OZxFs8W0AAAJ (현재 연결: 2명)
[2025-05-23T00:53:05.434Z] 사용자 PfEF0kb4OZxFs8W0AAAJ가 방 182041에 입장 (현재 인원: 2명)
[2025-05-23T00:53:05.435Z] 0개의 그리기 데이터를 클라이언트에 전송했습니다.
[2025-05-23T00:53:05.436Z] 404 Not Found: GET /favicon.ico
[2025-05-23T00:53:05.437Z] 방 182041에 저장된 이미지가 없습니다.
[2025-05-23T00:53:42.407Z] 서버 종료 중...
[2025-05-23T00:53:42.408Z] Redis 연결 종료됨
[2025-05-23T00:53:43.904Z] 서버 시작 - 포트: 3000, 도메인: http://localhost:3000
[2025-05-23T00:53:43.904Z] Redis 연결 시도 중...
[2025-05-23T00:53:43.923Z] 경고: Redis 연결이 활성화되지 않았습니다. 서버가 제대로 작동하지 않을 수 있습니다.
[2025-05-23T00:53:43.923Z] 서버 시작 및 초기화 완료
[2025-05-23T00:53:43.936Z] Redis 서버에 연결되었습니다.
[2025-05-23T00:53:43.937Z] Redis 서버 준비 완료
[2025-05-23T00:53:43.937Z] Redis 연결 성공
[2025-05-23T00:53:43.939Z] Redis 키 만료 모니터링 설정 완료
[2025-05-23T00:53:44.340Z] 사용자 연결됨: RLCi2bIeRzqxYFKyAAAB (현재 연결: 1명)
[2025-05-23T00:53:44.343Z] 방 182041에 사용자가 없어 RLCi2bIeRzqxYFKyAAAB를 새 방장으로 설정
[2025-05-23T00:53:44.343Z] 사용자 RLCi2bIeRzqxYFKyAAAB가 방 182041에 입장 (현재 인원: 1명)
[2025-05-23T00:53:44.344Z] 0개의 그리기 데이터를 클라이언트에 전송했습니다.
[2025-05-23T00:53:44.345Z] 방 182041에 저장된 이미지가 없습니다.
[2025-05-23T00:53:44.954Z] 사용자 연결됨: 79NfBEgomQZhtGcfAAAD (현재 연결: 2명)
[2025-05-23T00:53:44.957Z] 사용자 79NfBEgomQZhtGcfAAAD가 방 182041에 입장 (현재 인원: 2명)
[2025-05-23T00:53:44.960Z] 0개의 그리기 데이터를 클라이언트에 전송했습니다.
[2025-05-23T00:53:44.961Z] 방 182041에 저장된 이미지가 없습니다.
[2025-05-23T00:53:50.618Z] 사용자 79NfBEgomQZhtGcfAAAD가 방 182041에서 연결 끊김 (이유: transport close) (현재 인원: 1명)
[2025-05-23T00:53:55.604Z] 방 페이지 요청: 182041
[2025-05-23T00:53:55.604Z] 방 182041의 두 번째 이후 사용자에게 room2.html 제공
[2025-05-23T00:53:55.644Z] 404 Not Found: GET /favicon.ico
[2025-05-23T00:53:58.564Z] 방 페이지 요청: 182041
[2025-05-23T00:53:58.565Z] 방 182041의 두 번째 이후 사용자에게 room2.html 제공
[2025-05-23T00:53:58.594Z] 404 Not Found: GET /favicon.ico
[2025-05-23T00:53:59.378Z] 방 페이지 요청: 182041
[2025-05-23T00:53:59.379Z] 방 182041의 두 번째 이후 사용자에게 room2.html 제공
[2025-05-23T00:53:59.409Z] 404 Not Found: GET /favicon.ico
[2025-05-23T00:54:06.166Z] 방 페이지 요청: 182041
[2025-05-23T00:54:06.166Z] 방 182041의 두 번째 이후 사용자에게 room2.html 제공
[2025-05-23T00:54:06.202Z] 404 Not Found: GET /favicon.ico
[2025-05-23T00:56:12.765Z] 방 페이지 요청: 182041
[2025-05-23T00:56:12.765Z] 방 182041의 두 번째 이후 사용자에게 room2.html 제공
[2025-05-23T00:56:12.806Z] 404 Not Found: GET /favicon.ico
[2025-05-23T00:58:26.445Z] 서버 종료 중...
[2025-05-23T00:58:26.446Z] Redis 연결 종료됨
[2025-05-23T00:58:27.451Z] 서버 시작 - 포트: 3000, 도메인: http://localhost:3000
[2025-05-23T00:58:27.451Z] Redis 연결 시도 중...
[2025-05-23T00:58:27.472Z] 경고: Redis 연결이 활성화되지 않았습니다. 서버가 제대로 작동하지 않을 수 있습니다.
[2025-05-23T00:58:27.472Z] 서버 시작 및 초기화 완료
[2025-05-23T00:58:27.474Z] Redis 서버에 연결되었습니다.
[2025-05-23T00:58:27.474Z] Redis 서버 준비 완료
[2025-05-23T00:58:27.474Z] Redis 연결 성공
[2025-05-23T00:58:27.476Z] Redis 키 만료 모니터링 설정 완료
[2025-05-23T00:58:27.753Z] 사용자 연결됨: mVNzpZzVFHqKGTc9AAAB (현재 연결: 1명)
[2025-05-23T00:58:27.757Z] 방 182041에 사용자가 없어 mVNzpZzVFHqKGTc9AAAB를 새 방장으로 설정
[2025-05-23T00:58:27.758Z] 사용자 mVNzpZzVFHqKGTc9AAAB가 방 182041에 입장 (현재 인원: 1명)
[2025-05-23T00:58:27.761Z] 501개의 그리기 데이터를 클라이언트에 전송했습니다.
[2025-05-23T00:58:27.761Z] 방 182041에 저장된 이미지가 없습니다.
[2025-05-23T00:58:40.042Z] 방 페이지 요청: 182041
[2025-05-23T00:58:40.042Z] 방 182041에 2번째 사용자 입장
[2025-05-23T00:58:40.083Z] 404 Not Found: GET /favicon.ico
[2025-05-23T00:58:56.990Z] 방 182041의 그리기 권한 변경: 비활성화 (요청자: mVNzpZzVFHqKGTc9AAAB)
[2025-05-23T00:58:56.992Z] 방 182041의 그리기 권한이 비활성화되었습니다. (변경자: mVNzpZzVFHqKGTc9AAAB)
[2025-05-23T00:59:03.430Z] 사용자 mVNzpZzVFHqKGTc9AAAB가 방 182041에서 연결 끊김 (이유: transport close) (현재 인원: 0명)
[2025-05-23T00:59:03.431Z] 방 페이지 요청: 182041
[2025-05-23T00:59:03.431Z] 방 182041에 첫 번째 사용자 입장
[2025-05-23T00:59:03.470Z] 404 Not Found: GET /favicon.ico
[2025-05-23T01:00:38.043Z] 서버 종료 중...
[2025-05-23T01:00:38.044Z] Redis 연결 종료됨
[2025-05-23T01:00:40.281Z] 서버 시작 - 포트: 3000, 도메인: http://localhost:3000
[2025-05-23T01:00:40.282Z] Redis 연결 시도 중...
[2025-05-23T01:00:40.299Z] 경고: Redis 연결이 활성화되지 않았습니다. 서버가 제대로 작동하지 않을 수 있습니다.
[2025-05-23T01:00:40.299Z] 서버 시작 및 초기화 완료
[2025-05-23T01:00:40.300Z] Redis 서버에 연결되었습니다.
[2025-05-23T01:00:40.301Z] Redis 서버 준비 완료
[2025-05-23T01:00:40.301Z] Redis 연결 성공
[2025-05-23T01:00:40.303Z] Redis 키 만료 모니터링 설정 완료
[2025-05-23T01:00:49.447Z] 방 페이지 요청: 182041
[2025-05-23T01:00:49.448Z] 방 182041에 첫 번째 사용자 입장
[2025-05-23T01:00:49.485Z] 404 Not Found: GET /favicon.ico
[2025-05-23T01:01:01.152Z] 방 페이지 요청: 182041
[2025-05-23T01:01:01.152Z] 방 182041에 첫 번째 사용자 입장
[2025-05-23T01:01:01.191Z] 404 Not Found: GET /favicon.ico
[2025-05-23T01:01:16.710Z] 방 페이지 요청: 182041
[2025-05-23T01:01:16.711Z] 방 182041에 첫 번째 사용자 입장
[2025-05-23T01:01:16.752Z] 404 Not Found: GET /favicon.ico
[2025-05-23T01:01:16.755Z] 사용자 연결됨: EI74MNelTXzBFKy2AAAB (현재 연결: 1명)
[2025-05-23T01:01:16.757Z] 방 182041에 사용자가 없어 EI74MNelTXzBFKy2AAAB를 새 방장으로 설정
[2025-05-23T01:01:16.757Z] 사용자 EI74MNelTXzBFKy2AAAB가 방 182041에 입장 (현재 인원: 1명)
[2025-05-23T01:01:16.761Z] 501개의 그리기 데이터를 클라이언트에 전송했습니다.
[2025-05-23T01:01:16.765Z] 방 182041에 저장된 이미지가 없습니다.
[2025-05-23T01:01:22.230Z] 방 페이지 요청: 182041
[2025-05-23T01:01:22.230Z] 방 182041에 2번째 사용자 입장
[2025-05-23T01:01:22.276Z] 사용자 연결됨: O_xemYk57ncN5TYWAAAD (현재 연결: 2명)
[2025-05-23T01:01:22.277Z] 404 Not Found: GET /favicon.ico
[2025-05-23T01:01:22.281Z] 사용자 O_xemYk57ncN5TYWAAAD가 방 182041에 입장 (현재 인원: 2명)
[2025-05-23T01:01:22.286Z] 501개의 그리기 데이터를 클라이언트에 전송했습니다.
[2025-05-23T01:01:22.287Z] 방 182041에 저장된 이미지가 없습니다.
[2025-05-23T01:01:30.001Z] 방 182041에서 캔버스 지우기 요청 수신 (요청자: EI74MNelTXzBFKy2AAAB)
[2025-05-23T01:01:30.005Z] 방 182041에 clearCanvas 이벤트 브로드캐스트 완료
[2025-05-23T01:05:40.290Z] 메모리 사용량: 14MB / 16MB
[2025-05-23T01:06:01.803Z] 방장 EI74MNelTXzBFKy2AAAB가 나가서 O_xemYk57ncN5TYWAAAD를 새 방장으로 지정 (방: 182041)
[2025-05-23T01:06:01.804Z] 사용자 EI74MNelTXzBFKy2AAAB가 방 182041에서 연결 끊김 (이유: transport close) (현재 인원: 1명)
[2025-05-23T01:06:01.806Z] 방 페이지 요청: 182041
[2025-05-23T01:06:01.806Z] 방 182041에 2번째 사용자 입장
[2025-05-23T01:06:01.874Z] 404 Not Found: GET /favicon.ico
[2025-05-23T01:06:01.875Z] 사용자 연결됨: ZgJ9LDVKinYRt5PiAAAF (현재 연결: 2명)
[2025-05-23T01:06:01.878Z] 사용자 ZgJ9LDVKinYRt5PiAAAF가 방 182041에 입장 (현재 인원: 2명)
[2025-05-23T01:06:01.881Z] 446개의 그리기 데이터를 클라이언트에 전송했습니다.
[2025-05-23T01:06:01.881Z] 방 182041에 저장된 이미지가 없습니다.
[2025-05-23T01:06:18.877Z] 방장 O_xemYk57ncN5TYWAAAD가 나가서 ZgJ9LDVKinYRt5PiAAAF를 새 방장으로 지정 (방: 182041)
[2025-05-23T01:06:18.878Z] 사용자 O_xemYk57ncN5TYWAAAD가 방 182041에서 연결 끊김 (이유: transport close) (현재 인원: 1명)
[2025-05-23T01:06:18.880Z] 방 페이지 요청: 182041
[2025-05-23T01:06:18.880Z] 방 182041에 2번째 사용자 입장
[2025-05-23T01:06:18.918Z] 사용자 연결됨: 99mgFMJuZG-BW8EeAAAH (현재 연결: 2명)
[2025-05-23T01:06:18.920Z] 404 Not Found: GET /favicon.ico
[2025-05-23T01:06:18.922Z] 사용자 99mgFMJuZG-BW8EeAAAH가 방 182041에 입장 (현재 인원: 2명)
[2025-05-23T01:06:18.926Z] 604개의 그리기 데이터를 클라이언트에 전송했습니다.
[2025-05-23T01:06:18.928Z] 방 182041에 저장된 이미지가 없습니다.
[2025-05-23T01:08:53.534Z] 사용자 99mgFMJuZG-BW8EeAAAH가 방 182041에서 연결 끊김 (이유: transport close) (현재 인원: 1명)
[2025-05-23T01:08:53.537Z] 방 페이지 요청: 182041
[2025-05-23T01:08:53.537Z] 방 182041에 2번째 사용자 입장
[2025-05-23T01:08:53.576Z] 404 Not Found: GET /favicon.ico
[2025-05-23T01:08:53.578Z] 사용자 연결됨: Bg7aqcGEMgq08WDcAAAJ (현재 연결: 2명)
[2025-05-23T01:08:53.581Z] 사용자 Bg7aqcGEMgq08WDcAAAJ가 방 182041에 입장 (현재 인원: 2명)
[2025-05-23T01:08:53.584Z] 604개의 그리기 데이터를 클라이언트에 전송했습니다.
[2025-05-23T01:08:53.585Z] 방 182041에 저장된 이미지가 없습니다.
[2025-05-23T01:08:55.130Z] 사용자 Bg7aqcGEMgq08WDcAAAJ가 방 182041에서 연결 끊김 (이유: transport close) (현재 인원: 1명)
[2025-05-23T01:08:55.185Z] 404 Not Found: GET /favicon.ico
[2025-05-23T01:10:40.282Z] 메모리 사용량: 14MB / 16MB
